{"D:\\OpenSource\\Fediverse\\Fediverse\\backend\\app.js": {"path":"D:\\OpenSource\\Fediverse\\Fediverse\\backend\\app.js","statementMap":{"0":{"start":{"line":1,"column":0},"end":{"line":1,"column":27}},"1":{"start":{"line":3,"column":14},"end":{"line":3,"column":35}},"2":{"start":{"line":4,"column":16},"end":{"line":4,"column":34}},"3":{"start":{"line":5,"column":13},"end":{"line":5,"column":28}},"4":{"start":{"line":6,"column":12},"end":{"line":6,"column":21}},"5":{"start":{"line":7,"column":0},"end":{"line":10,"column":4}},"6":{"start":{"line":8,"column":82},"end":{"line":8,"column":90}},"7":{"start":{"line":15,"column":20},"end":{"line":15,"column":51}},"8":{"start":{"line":16,"column":19},"end":{"line":16,"column":49}},"9":{"start":{"line":17,"column":19},"end":{"line":17,"column":49}},"10":{"start":{"line":18,"column":19},"end":{"line":18,"column":49}},"11":{"start":{"line":19,"column":26},"end":{"line":19,"column":63}},"12":{"start":{"line":20,"column":19},"end":{"line":20,"column":49}},"13":{"start":{"line":21,"column":21},"end":{"line":21,"column":53}},"14":{"start":{"line":22,"column":22},"end":{"line":22,"column":50}},"15":{"start":{"line":25,"column":0},"end":{"line":25,"column":83}},"16":{"start":{"line":27,"column":0},"end":{"line":27,"column":48}},"17":{"start":{"line":33,"column":0},"end":{"line":35,"column":3}},"18":{"start":{"line":34,"column":2},"end":{"line":34,"column":78}},"19":{"start":{"line":37,"column":0},"end":{"line":37,"column":33}},"20":{"start":{"line":38,"column":0},"end":{"line":38,"column":37}},"21":{"start":{"line":41,"column":0},"end":{"line":41,"column":33}},"22":{"start":{"line":43,"column":0},"end":{"line":43,"column":33}},"23":{"start":{"line":44,"column":0},"end":{"line":44,"column":34}},"24":{"start":{"line":45,"column":0},"end":{"line":45,"column":34}},"25":{"start":{"line":46,"column":0},"end":{"line":46,"column":28}},"26":{"start":{"line":47,"column":0},"end":{"line":47,"column":43}},"27":{"start":{"line":49,"column":0},"end":{"line":49,"column":37}},"28":{"start":{"line":52,"column":0},"end":{"line":55,"column":3}},"29":{"start":{"line":53,"column":2},"end":{"line":53,"column":38}},"30":{"start":{"line":54,"column":2},"end":{"line":54,"column":59}},"31":{"start":{"line":57,"column":0},"end":{"line":57,"column":21}}},"fnMap":{"0":{"name":"(anonymous_0)","decl":{"start":{"line":8,"column":77},"end":{"line":8,"column":78}},"loc":{"start":{"line":8,"column":82},"end":{"line":8,"column":90}},"line":8},"1":{"name":"(anonymous_1)","decl":{"start":{"line":33,"column":19},"end":{"line":33,"column":20}},"loc":{"start":{"line":33,"column":33},"end":{"line":35,"column":1}},"line":33},"2":{"name":"(anonymous_2)","decl":{"start":{"line":52,"column":8},"end":{"line":52,"column":9}},"loc":{"start":{"line":52,"column":33},"end":{"line":55,"column":1}},"line":52}},"branchMap":{"0":{"loc":{"start":{"line":8,"column":11},"end":{"line":8,"column":60}},"type":"binary-expr","locations":[{"start":{"line":8,"column":11},"end":{"line":8,"column":33}},{"start":{"line":8,"column":37},"end":{"line":8,"column":60}}],"line":8}},"s":{"0":1,"1":1,"2":1,"3":1,"4":1,"5":1,"6":1,"7":1,"8":1,"9":1,"10":1,"11":1,"12":1,"13":1,"14":1,"15":1,"16":1,"17":1,"18":1,"19":1,"20":1,"21":1,"22":1,"23":1,"24":1,"25":1,"26":1,"27":1,"28":1,"29":0,"30":0,"31":1},"f":{"0":1,"1":1,"2":0},"b":{"0":[1,1]},"_coverageSchema":"1a1c01bbd47fc00a2c39e90264f33305004495a9","hash":"583d29068059bb030fa1b69b9b10dc2f22e8360c"}
,"D:\\OpenSource\\Fediverse\\Fediverse\\backend\\controllers\\activityPubController.js": {"path":"D:\\OpenSource\\Fediverse\\Fediverse\\backend\\controllers\\activityPubController.js","statementMap":{"0":{"start":{"line":2,"column":11},"end":{"line":2,"column":24}},"1":{"start":{"line":3,"column":13},"end":{"line":3,"column":28}},"2":{"start":{"line":4,"column":14},"end":{"line":4,"column":30}},"3":{"start":{"line":5,"column":23},"end":{"line":5,"column":38}},"4":{"start":{"line":6,"column":13},"end":{"line":6,"column":38}},"5":{"start":{"line":7,"column":13},"end":{"line":7,"column":38}},"6":{"start":{"line":8,"column":21},"end":{"line":8,"column":54}},"7":{"start":{"line":9,"column":22},"end":{"line":9,"column":55}},"8":{"start":{"line":10,"column":28},"end":{"line":10,"column":65}},"9":{"start":{"line":12,"column":18},"end":{"line":12,"column":80}},"10":{"start":{"line":14,"column":0},"end":{"line":40,"column":2}},"11":{"start":{"line":15,"column":2},"end":{"line":15,"column":63}},"12":{"start":{"line":17,"column":19},"end":{"line":17,"column":37}},"13":{"start":{"line":18,"column":19},"end":{"line":18,"column":57}},"14":{"start":{"line":19,"column":15},"end":{"line":19,"column":31}},"15":{"start":{"line":21,"column":2},"end":{"line":21,"column":70}},"16":{"start":{"line":23,"column":15},"end":{"line":23,"column":47}},"17":{"start":{"line":24,"column":2},"end":{"line":27,"column":3}},"18":{"start":{"line":25,"column":4},"end":{"line":25,"column":47}},"19":{"start":{"line":26,"column":4},"end":{"line":26,"column":61}},"20":{"start":{"line":29,"column":2},"end":{"line":29,"column":61}},"21":{"start":{"line":30,"column":2},"end":{"line":39,"column":5}},"22":{"start":{"line":49,"column":0},"end":{"line":82,"column":2}},"23":{"start":{"line":50,"column":23},"end":{"line":50,"column":33}},"24":{"start":{"line":51,"column":2},"end":{"line":51,"column":47}},"25":{"start":{"line":53,"column":15},"end":{"line":53,"column":47}},"26":{"start":{"line":54,"column":2},"end":{"line":57,"column":3}},"27":{"start":{"line":55,"column":4},"end":{"line":55,"column":47}},"28":{"start":{"line":56,"column":4},"end":{"line":56,"column":56}},"29":{"start":{"line":59,"column":2},"end":{"line":59,"column":46}},"30":{"start":{"line":61,"column":2},"end":{"line":61,"column":61}},"31":{"start":{"line":62,"column":2},"end":{"line":81,"column":5}},"32":{"start":{"line":90,"column":0},"end":{"line":183,"column":2}},"33":{"start":{"line":91,"column":23},"end":{"line":91,"column":33}},"34":{"start":{"line":92,"column":19},"end":{"line":92,"column":27}},"35":{"start":{"line":94,"column":2},"end":{"line":94,"column":74}},"36":{"start":{"line":97,"column":2},"end":{"line":99,"column":3}},"37":{"start":{"line":98,"column":4},"end":{"line":98,"column":79}},"38":{"start":{"line":101,"column":2},"end":{"line":182,"column":3}},"39":{"start":{"line":103,"column":22},"end":{"line":103,"column":54}},"40":{"start":{"line":104,"column":4},"end":{"line":106,"column":5}},"41":{"start":{"line":105,"column":6},"end":{"line":105,"column":63}},"42":{"start":{"line":109,"column":4},"end":{"line":139,"column":5}},"43":{"start":{"line":110,"column":20},"end":{"line":110,"column":34}},"44":{"start":{"line":111,"column":29},"end":{"line":111,"column":55}},"45":{"start":{"line":113,"column":6},"end":{"line":113,"column":60}},"46":{"start":{"line":115,"column":6},"end":{"line":119,"column":7}},"47":{"start":{"line":116,"column":8},"end":{"line":116,"column":40}},"48":{"start":{"line":117,"column":8},"end":{"line":117,"column":31}},"49":{"start":{"line":118,"column":8},"end":{"line":118,"column":67}},"50":{"start":{"line":122,"column":29},"end":{"line":127,"column":7}},"51":{"start":{"line":129,"column":23},"end":{"line":129,"column":39}},"52":{"start":{"line":131,"column":6},"end":{"line":136,"column":7}},"53":{"start":{"line":132,"column":8},"end":{"line":132,"column":78}},"54":{"start":{"line":133,"column":8},"end":{"line":133,"column":54}},"55":{"start":{"line":135,"column":8},"end":{"line":135,"column":77}},"56":{"start":{"line":138,"column":6},"end":{"line":138,"column":33}},"57":{"start":{"line":142,"column":4},"end":{"line":173,"column":5}},"58":{"start":{"line":143,"column":21},"end":{"line":143,"column":36}},"59":{"start":{"line":145,"column":6},"end":{"line":148,"column":7}},"60":{"start":{"line":146,"column":8},"end":{"line":146,"column":52}},"61":{"start":{"line":147,"column":8},"end":{"line":147,"column":35}},"62":{"start":{"line":151,"column":23},"end":{"line":151,"column":68}},"63":{"start":{"line":152,"column":6},"end":{"line":155,"column":7}},"64":{"start":{"line":153,"column":8},"end":{"line":153,"column":50}},"65":{"start":{"line":154,"column":8},"end":{"line":154,"column":35}},"66":{"start":{"line":157,"column":22},"end":{"line":157,"column":42}},"67":{"start":{"line":158,"column":20},"end":{"line":158,"column":55}},"68":{"start":{"line":160,"column":22},"end":{"line":168,"column":8}},"69":{"start":{"line":170,"column":6},"end":{"line":170,"column":27}},"70":{"start":{"line":171,"column":6},"end":{"line":171,"column":85}},"71":{"start":{"line":172,"column":6},"end":{"line":172,"column":33}},"72":{"start":{"line":176,"column":4},"end":{"line":176,"column":62}},"73":{"start":{"line":177,"column":4},"end":{"line":177,"column":31}},"74":{"start":{"line":180,"column":4},"end":{"line":180,"column":48}},"75":{"start":{"line":181,"column":4},"end":{"line":181,"column":61}},"76":{"start":{"line":204,"column":0},"end":{"line":221,"column":2}},"77":{"start":{"line":205,"column":23},"end":{"line":205,"column":33}},"78":{"start":{"line":206,"column":15},"end":{"line":206,"column":47}},"79":{"start":{"line":208,"column":2},"end":{"line":208,"column":70}},"80":{"start":{"line":208,"column":13},"end":{"line":208,"column":70}},"81":{"start":{"line":211,"column":27},"end":{"line":213,"column":3}},"82":{"start":{"line":212,"column":4},"end":{"line":212,"column":31}},"83":{"start":{"line":215,"column":2},"end":{"line":220,"column":5}},"84":{"start":{"line":226,"column":0},"end":{"line":238,"column":2}},"85":{"start":{"line":227,"column":23},"end":{"line":227,"column":33}},"86":{"start":{"line":228,"column":15},"end":{"line":228,"column":47}},"87":{"start":{"line":230,"column":2},"end":{"line":230,"column":70}},"88":{"start":{"line":230,"column":13},"end":{"line":230,"column":70}},"89":{"start":{"line":232,"column":2},"end":{"line":237,"column":5}},"90":{"start":{"line":246,"column":0},"end":{"line":261,"column":2}},"91":{"start":{"line":247,"column":2},"end":{"line":260,"column":3}},"92":{"start":{"line":248,"column":17},"end":{"line":248,"column":51}},"93":{"start":{"line":249,"column":4},"end":{"line":249,"column":72}},"94":{"start":{"line":249,"column":15},"end":{"line":249,"column":72}},"95":{"start":{"line":252,"column":4},"end":{"line":253,"column":61}},"96":{"start":{"line":253,"column":6},"end":{"line":253,"column":61}},"97":{"start":{"line":255,"column":4},"end":{"line":255,"column":27}},"98":{"start":{"line":256,"column":4},"end":{"line":256,"column":42}},"99":{"start":{"line":258,"column":4},"end":{"line":258,"column":48}},"100":{"start":{"line":259,"column":4},"end":{"line":259,"column":61}},"101":{"start":{"line":265,"column":0},"end":{"line":314,"column":2}},"102":{"start":{"line":266,"column":2},"end":{"line":313,"column":3}},"103":{"start":{"line":267,"column":21},"end":{"line":267,"column":40}},"104":{"start":{"line":268,"column":17},"end":{"line":268,"column":49}},"105":{"start":{"line":269,"column":4},"end":{"line":271,"column":5}},"106":{"start":{"line":270,"column":6},"end":{"line":270,"column":63}},"107":{"start":{"line":273,"column":18},"end":{"line":273,"column":79}},"108":{"start":{"line":275,"column":23},"end":{"line":300,"column":7}},"109":{"start":{"line":275,"column":44},"end":{"line":300,"column":5}},"110":{"start":{"line":302,"column":19},"end":{"line":307,"column":5}},"111":{"start":{"line":309,"column":4},"end":{"line":309,"column":21}},"112":{"start":{"line":311,"column":4},"end":{"line":311,"column":40}},"113":{"start":{"line":312,"column":4},"end":{"line":312,"column":60}}},"fnMap":{"0":{"name":"(anonymous_0)","decl":{"start":{"line":14,"column":20},"end":{"line":14,"column":21}},"loc":{"start":{"line":14,"column":40},"end":{"line":40,"column":1}},"line":14},"1":{"name":"(anonymous_1)","decl":{"start":{"line":49,"column":16},"end":{"line":49,"column":17}},"loc":{"start":{"line":49,"column":36},"end":{"line":82,"column":1}},"line":49},"2":{"name":"(anonymous_2)","decl":{"start":{"line":90,"column":16},"end":{"line":90,"column":17}},"loc":{"start":{"line":90,"column":36},"end":{"line":183,"column":1}},"line":90},"3":{"name":"(anonymous_3)","decl":{"start":{"line":204,"column":23},"end":{"line":204,"column":24}},"loc":{"start":{"line":204,"column":43},"end":{"line":221,"column":1}},"line":204},"4":{"name":"(anonymous_4)","decl":{"start":{"line":211,"column":46},"end":{"line":211,"column":47}},"loc":{"start":{"line":212,"column":4},"end":{"line":212,"column":31}},"line":212},"5":{"name":"(anonymous_5)","decl":{"start":{"line":226,"column":23},"end":{"line":226,"column":24}},"loc":{"start":{"line":226,"column":43},"end":{"line":238,"column":1}},"line":226},"6":{"name":"(anonymous_6)","decl":{"start":{"line":246,"column":21},"end":{"line":246,"column":22}},"loc":{"start":{"line":246,"column":41},"end":{"line":261,"column":1}},"line":246},"7":{"name":"(anonymous_7)","decl":{"start":{"line":265,"column":17},"end":{"line":265,"column":18}},"loc":{"start":{"line":265,"column":37},"end":{"line":314,"column":1}},"line":265},"8":{"name":"(anonymous_8)","decl":{"start":{"line":275,"column":33},"end":{"line":275,"column":34}},"loc":{"start":{"line":275,"column":44},"end":{"line":300,"column":5}},"line":275}},"branchMap":{"0":{"loc":{"start":{"line":24,"column":2},"end":{"line":27,"column":3}},"type":"if","locations":[{"start":{"line":24,"column":2},"end":{"line":27,"column":3}},{"start":{},"end":{}}],"line":24},"1":{"loc":{"start":{"line":54,"column":2},"end":{"line":57,"column":3}},"type":"if","locations":[{"start":{"line":54,"column":2},"end":{"line":57,"column":3}},{"start":{},"end":{}}],"line":54},"2":{"loc":{"start":{"line":97,"column":2},"end":{"line":99,"column":3}},"type":"if","locations":[{"start":{"line":97,"column":2},"end":{"line":99,"column":3}},{"start":{},"end":{}}],"line":97},"3":{"loc":{"start":{"line":97,"column":6},"end":{"line":97,"column":33}},"type":"binary-expr","locations":[{"start":{"line":97,"column":6},"end":{"line":97,"column":15}},{"start":{"line":97,"column":19},"end":{"line":97,"column":33}}],"line":97},"4":{"loc":{"start":{"line":104,"column":4},"end":{"line":106,"column":5}},"type":"if","locations":[{"start":{"line":104,"column":4},"end":{"line":106,"column":5}},{"start":{},"end":{}}],"line":104},"5":{"loc":{"start":{"line":109,"column":4},"end":{"line":139,"column":5}},"type":"if","locations":[{"start":{"line":109,"column":4},"end":{"line":139,"column":5}},{"start":{},"end":{}}],"line":109},"6":{"loc":{"start":{"line":115,"column":6},"end":{"line":119,"column":7}},"type":"if","locations":[{"start":{"line":115,"column":6},"end":{"line":119,"column":7}},{"start":{},"end":{}}],"line":115},"7":{"loc":{"start":{"line":142,"column":4},"end":{"line":173,"column":5}},"type":"if","locations":[{"start":{"line":142,"column":4},"end":{"line":173,"column":5}},{"start":{},"end":{}}],"line":142},"8":{"loc":{"start":{"line":145,"column":6},"end":{"line":148,"column":7}},"type":"if","locations":[{"start":{"line":145,"column":6},"end":{"line":148,"column":7}},{"start":{},"end":{}}],"line":145},"9":{"loc":{"start":{"line":145,"column":10},"end":{"line":145,"column":43}},"type":"binary-expr","locations":[{"start":{"line":145,"column":10},"end":{"line":145,"column":17}},{"start":{"line":145,"column":21},"end":{"line":145,"column":43}}],"line":145},"10":{"loc":{"start":{"line":152,"column":6},"end":{"line":155,"column":7}},"type":"if","locations":[{"start":{"line":152,"column":6},"end":{"line":155,"column":7}},{"start":{},"end":{}}],"line":152},"11":{"loc":{"start":{"line":157,"column":22},"end":{"line":157,"column":42}},"type":"binary-expr","locations":[{"start":{"line":157,"column":22},"end":{"line":157,"column":36}},{"start":{"line":157,"column":40},"end":{"line":157,"column":42}}],"line":157},"12":{"loc":{"start":{"line":158,"column":20},"end":{"line":158,"column":55}},"type":"binary-expr","locations":[{"start":{"line":158,"column":20},"end":{"line":158,"column":47}},{"start":{"line":158,"column":51},"end":{"line":158,"column":55}}],"line":158},"13":{"loc":{"start":{"line":161,"column":15},"end":{"line":161,"column":52}},"type":"binary-expr","locations":[{"start":{"line":161,"column":15},"end":{"line":161,"column":34}},{"start":{"line":161,"column":38},"end":{"line":161,"column":52}}],"line":161},"14":{"loc":{"start":{"line":164,"column":12},"end":{"line":164,"column":27}},"type":"binary-expr","locations":[{"start":{"line":164,"column":12},"end":{"line":164,"column":21}},{"start":{"line":164,"column":25},"end":{"line":164,"column":27}}],"line":164},"15":{"loc":{"start":{"line":166,"column":19},"end":{"line":166,"column":43}},"type":"binary-expr","locations":[{"start":{"line":166,"column":19},"end":{"line":166,"column":35}},{"start":{"line":166,"column":39},"end":{"line":166,"column":43}}],"line":166},"16":{"loc":{"start":{"line":171,"column":44},"end":{"line":171,"column":81}},"type":"binary-expr","locations":[{"start":{"line":171,"column":44},"end":{"line":171,"column":63}},{"start":{"line":171,"column":67},"end":{"line":171,"column":81}}],"line":171},"17":{"loc":{"start":{"line":208,"column":2},"end":{"line":208,"column":70}},"type":"if","locations":[{"start":{"line":208,"column":2},"end":{"line":208,"column":70}},{"start":{},"end":{}}],"line":208},"18":{"loc":{"start":{"line":230,"column":2},"end":{"line":230,"column":70}},"type":"if","locations":[{"start":{"line":230,"column":2},"end":{"line":230,"column":70}},{"start":{},"end":{}}],"line":230},"19":{"loc":{"start":{"line":249,"column":4},"end":{"line":249,"column":72}},"type":"if","locations":[{"start":{"line":249,"column":4},"end":{"line":249,"column":72}},{"start":{},"end":{}}],"line":249},"20":{"loc":{"start":{"line":252,"column":4},"end":{"line":253,"column":61}},"type":"if","locations":[{"start":{"line":252,"column":4},"end":{"line":253,"column":61}},{"start":{},"end":{}}],"line":252},"21":{"loc":{"start":{"line":269,"column":4},"end":{"line":271,"column":5}},"type":"if","locations":[{"start":{"line":269,"column":4},"end":{"line":271,"column":5}},{"start":{},"end":{}}],"line":269},"22":{"loc":{"start":{"line":290,"column":20},"end":{"line":298,"column":14}},"type":"cond-expr","locations":[{"start":{"line":291,"column":12},"end":{"line":297,"column":13}},{"start":{"line":298,"column":12},"end":{"line":298,"column":14}}],"line":290}},"s":{"0":1,"1":1,"2":1,"3":1,"4":1,"5":1,"6":1,"7":1,"8":1,"9":1,"10":1,"11":0,"12":0,"13":0,"14":0,"15":0,"16":0,"17":0,"18":0,"19":0,"20":0,"21":0,"22":1,"23":0,"24":0,"25":0,"26":0,"27":0,"28":0,"29":0,"30":0,"31":0,"32":1,"33":0,"34":0,"35":0,"36":0,"37":0,"38":0,"39":0,"40":0,"41":0,"42":0,"43":0,"44":0,"45":0,"46":0,"47":0,"48":0,"49":0,"50":0,"51":0,"52":0,"53":0,"54":0,"55":0,"56":0,"57":0,"58":0,"59":0,"60":0,"61":0,"62":0,"63":0,"64":0,"65":0,"66":0,"67":0,"68":0,"69":0,"70":0,"71":0,"72":0,"73":0,"74":0,"75":0,"76":1,"77":0,"78":0,"79":0,"80":0,"81":0,"82":0,"83":0,"84":1,"85":0,"86":0,"87":0,"88":0,"89":0,"90":1,"91":0,"92":0,"93":0,"94":0,"95":0,"96":0,"97":0,"98":0,"99":0,"100":0,"101":1,"102":0,"103":0,"104":0,"105":0,"106":0,"107":0,"108":0,"109":0,"110":0,"111":0,"112":0,"113":0},"f":{"0":0,"1":0,"2":0,"3":0,"4":0,"5":0,"6":0,"7":0,"8":0},"b":{"0":[0,0],"1":[0,0],"2":[0,0],"3":[0,0],"4":[0,0],"5":[0,0],"6":[0,0],"7":[0,0],"8":[0,0],"9":[0,0],"10":[0,0],"11":[0,0],"12":[0,0],"13":[0,0],"14":[0,0],"15":[0,0],"16":[0,0],"17":[0,0],"18":[0,0],"19":[0,0],"20":[0,0],"21":[0,0],"22":[0,0]},"_coverageSchema":"1a1c01bbd47fc00a2c39e90264f33305004495a9","hash":"10a3dd1540861935b017dd37c5a923c7f4a968a7"}
,"D:\\OpenSource\\Fediverse\\Fediverse\\backend\\controllers\\authController.js": {"path":"D:\\OpenSource\\Fediverse\\Fediverse\\backend\\controllers\\authController.js","statementMap":{"0":{"start":{"line":2,"column":13},"end":{"line":2,"column":38}},"1":{"start":{"line":3,"column":15},"end":{"line":3,"column":34}},"2":{"start":{"line":4,"column":12},"end":{"line":4,"column":35}},"3":{"start":{"line":5,"column":13},"end":{"line":5,"column":38}},"4":{"start":{"line":6,"column":24},"end":{"line":6,"column":41}},"5":{"start":{"line":9,"column":0},"end":{"line":31,"column":2}},"6":{"start":{"line":10,"column":40},"end":{"line":10,"column":48}},"7":{"start":{"line":12,"column":23},"end":{"line":12,"column":55}},"8":{"start":{"line":13,"column":2},"end":{"line":14,"column":66}},"9":{"start":{"line":14,"column":4},"end":{"line":14,"column":66}},"10":{"start":{"line":18,"column":15},"end":{"line":25,"column":4}},"11":{"start":{"line":26,"column":2},"end":{"line":28,"column":74}},"12":{"start":{"line":27,"column":14},"end":{"line":27,"column":47}},"13":{"start":{"line":28,"column":18},"end":{"line":28,"column":72}},"14":{"start":{"line":30,"column":2},"end":{"line":30,"column":52}},"15":{"start":{"line":40,"column":0},"end":{"line":73,"column":2}},"16":{"start":{"line":41,"column":33},"end":{"line":41,"column":41}},"17":{"start":{"line":43,"column":2},"end":{"line":43,"column":55}},"18":{"start":{"line":45,"column":15},"end":{"line":45,"column":79}},"19":{"start":{"line":46,"column":2},"end":{"line":46,"column":46}},"20":{"start":{"line":48,"column":2},"end":{"line":51,"column":3}},"21":{"start":{"line":49,"column":4},"end":{"line":49,"column":56}},"22":{"start":{"line":50,"column":4},"end":{"line":50,"column":66}},"23":{"start":{"line":53,"column":18},"end":{"line":53,"column":54}},"24":{"start":{"line":54,"column":2},"end":{"line":54,"column":52}},"25":{"start":{"line":56,"column":2},"end":{"line":59,"column":3}},"26":{"start":{"line":57,"column":4},"end":{"line":57,"column":44}},"27":{"start":{"line":58,"column":4},"end":{"line":58,"column":66}},"28":{"start":{"line":61,"column":16},"end":{"line":65,"column":49}},"29":{"start":{"line":66,"column":2},"end":{"line":66,"column":40}},"30":{"start":{"line":68,"column":19},"end":{"line":68,"column":34}},"31":{"start":{"line":69,"column":2},"end":{"line":69,"column":27}},"32":{"start":{"line":70,"column":2},"end":{"line":70,"column":29}},"33":{"start":{"line":72,"column":2},"end":{"line":72,"column":45}},"34":{"start":{"line":77,"column":0},"end":{"line":98,"column":2}},"35":{"start":{"line":78,"column":2},"end":{"line":97,"column":3}},"36":{"start":{"line":79,"column":19},"end":{"line":79,"column":36}},"37":{"start":{"line":81,"column":17},"end":{"line":81,"column":44}},"38":{"start":{"line":82,"column":4},"end":{"line":82,"column":72}},"39":{"start":{"line":82,"column":15},"end":{"line":82,"column":72}},"40":{"start":{"line":85,"column":4},"end":{"line":90,"column":5}},"41":{"start":{"line":89,"column":6},"end":{"line":89,"column":83}},"42":{"start":{"line":92,"column":4},"end":{"line":92,"column":27}},"43":{"start":{"line":93,"column":4},"end":{"line":93,"column":42}},"44":{"start":{"line":95,"column":4},"end":{"line":95,"column":40}},"45":{"start":{"line":96,"column":4},"end":{"line":96,"column":52}}},"fnMap":{"0":{"name":"(anonymous_0)","decl":{"start":{"line":9,"column":19},"end":{"line":9,"column":20}},"loc":{"start":{"line":9,"column":39},"end":{"line":31,"column":1}},"line":9},"1":{"name":"(anonymous_1)","decl":{"start":{"line":27,"column":8},"end":{"line":27,"column":9}},"loc":{"start":{"line":27,"column":14},"end":{"line":27,"column":47}},"line":27},"2":{"name":"(anonymous_2)","decl":{"start":{"line":28,"column":9},"end":{"line":28,"column":10}},"loc":{"start":{"line":28,"column":18},"end":{"line":28,"column":72}},"line":28},"3":{"name":"(anonymous_3)","decl":{"start":{"line":40,"column":16},"end":{"line":40,"column":17}},"loc":{"start":{"line":40,"column":36},"end":{"line":73,"column":1}},"line":40},"4":{"name":"(anonymous_4)","decl":{"start":{"line":77,"column":21},"end":{"line":77,"column":22}},"loc":{"start":{"line":77,"column":41},"end":{"line":98,"column":1}},"line":77}},"branchMap":{"0":{"loc":{"start":{"line":13,"column":2},"end":{"line":14,"column":66}},"type":"if","locations":[{"start":{"line":13,"column":2},"end":{"line":14,"column":66}},{"start":{},"end":{}}],"line":13},"1":{"loc":{"start":{"line":48,"column":2},"end":{"line":51,"column":3}},"type":"if","locations":[{"start":{"line":48,"column":2},"end":{"line":51,"column":3}},{"start":{},"end":{}}],"line":48},"2":{"loc":{"start":{"line":48,"column":6},"end":{"line":48,"column":29}},"type":"binary-expr","locations":[{"start":{"line":48,"column":6},"end":{"line":48,"column":11}},{"start":{"line":48,"column":15},"end":{"line":48,"column":29}}],"line":48},"3":{"loc":{"start":{"line":56,"column":2},"end":{"line":59,"column":3}},"type":"if","locations":[{"start":{"line":56,"column":2},"end":{"line":59,"column":3}},{"start":{},"end":{}}],"line":56},"4":{"loc":{"start":{"line":82,"column":4},"end":{"line":82,"column":72}},"type":"if","locations":[{"start":{"line":82,"column":4},"end":{"line":82,"column":72}},{"start":{},"end":{}}],"line":82},"5":{"loc":{"start":{"line":85,"column":4},"end":{"line":90,"column":5}},"type":"if","locations":[{"start":{"line":85,"column":4},"end":{"line":90,"column":5}},{"start":{},"end":{}}],"line":85},"6":{"loc":{"start":{"line":86,"column":6},"end":{"line":87,"column":35}},"type":"binary-expr","locations":[{"start":{"line":86,"column":6},"end":{"line":86,"column":45}},{"start":{"line":87,"column":6},"end":{"line":87,"column":35}}],"line":86}},"s":{"0":1,"1":1,"2":1,"3":1,"4":1,"5":1,"6":0,"7":0,"8":0,"9":0,"10":0,"11":0,"12":0,"13":0,"14":0,"15":1,"16":0,"17":0,"18":0,"19":0,"20":0,"21":0,"22":0,"23":0,"24":0,"25":0,"26":0,"27":0,"28":0,"29":0,"30":0,"31":0,"32":0,"33":0,"34":1,"35":0,"36":0,"37":0,"38":0,"39":0,"40":0,"41":0,"42":0,"43":0,"44":0,"45":0},"f":{"0":0,"1":0,"2":0,"3":0,"4":0},"b":{"0":[0,0],"1":[0,0],"2":[0,0],"3":[0,0],"4":[0,0],"5":[0,0],"6":[0,0]},"_coverageSchema":"1a1c01bbd47fc00a2c39e90264f33305004495a9","hash":"f667b6555416e7f0ffb2331ee99591f70a090a9e"}
,"D:\\OpenSource\\Fediverse\\Fediverse\\backend\\controllers\\commentController.js": {"path":"D:\\OpenSource\\Fediverse\\Fediverse\\backend\\controllers\\commentController.js","statementMap":{"0":{"start":{"line":1,"column":16},"end":{"line":1,"column":42}},"1":{"start":{"line":2,"column":13},"end":{"line":2,"column":38}},"2":{"start":{"line":4,"column":0},"end":{"line":34,"column":2}},"3":{"start":{"line":5,"column":2},"end":{"line":33,"column":3}},"4":{"start":{"line":6,"column":24},"end":{"line":6,"column":32}},"5":{"start":{"line":7,"column":19},"end":{"line":7,"column":36}},"6":{"start":{"line":8,"column":19},"end":{"line":8,"column":30}},"7":{"start":{"line":10,"column":4},"end":{"line":12,"column":5}},"8":{"start":{"line":11,"column":6},"end":{"line":11,"column":77}},"9":{"start":{"line":15,"column":17},"end":{"line":15,"column":63}},"10":{"start":{"line":16,"column":4},"end":{"line":18,"column":5}},"11":{"start":{"line":17,"column":6},"end":{"line":17,"column":64}},"12":{"start":{"line":20,"column":20},"end":{"line":25,"column":6}},"13":{"start":{"line":27,"column":4},"end":{"line":27,"column":25}},"14":{"start":{"line":29,"column":4},"end":{"line":29,"column":34}},"15":{"start":{"line":31,"column":4},"end":{"line":31,"column":60}},"16":{"start":{"line":32,"column":4},"end":{"line":32,"column":52}},"17":{"start":{"line":38,"column":0},"end":{"line":50,"column":2}},"18":{"start":{"line":39,"column":2},"end":{"line":49,"column":3}},"19":{"start":{"line":40,"column":19},"end":{"line":40,"column":36}},"20":{"start":{"line":42,"column":21},"end":{"line":43,"column":30}},"21":{"start":{"line":45,"column":4},"end":{"line":45,"column":23}},"22":{"start":{"line":47,"column":4},"end":{"line":47,"column":61}},"23":{"start":{"line":48,"column":4},"end":{"line":48,"column":52}}},"fnMap":{"0":{"name":"(anonymous_0)","decl":{"start":{"line":4,"column":24},"end":{"line":4,"column":25}},"loc":{"start":{"line":4,"column":44},"end":{"line":34,"column":1}},"line":4},"1":{"name":"(anonymous_1)","decl":{"start":{"line":38,"column":28},"end":{"line":38,"column":29}},"loc":{"start":{"line":38,"column":48},"end":{"line":50,"column":1}},"line":38}},"branchMap":{"0":{"loc":{"start":{"line":10,"column":4},"end":{"line":12,"column":5}},"type":"if","locations":[{"start":{"line":10,"column":4},"end":{"line":12,"column":5}},{"start":{},"end":{}}],"line":10},"1":{"loc":{"start":{"line":16,"column":4},"end":{"line":18,"column":5}},"type":"if","locations":[{"start":{"line":16,"column":4},"end":{"line":18,"column":5}},{"start":{},"end":{}}],"line":16}},"s":{"0":1,"1":1,"2":1,"3":0,"4":0,"5":0,"6":0,"7":0,"8":0,"9":0,"10":0,"11":0,"12":0,"13":0,"14":0,"15":0,"16":0,"17":1,"18":0,"19":0,"20":0,"21":0,"22":0,"23":0},"f":{"0":0,"1":0},"b":{"0":[0,0],"1":[0,0]},"_coverageSchema":"1a1c01bbd47fc00a2c39e90264f33305004495a9","hash":"c226323e4a1e4dd45f6129c752f158e1af853a78"}
,"D:\\OpenSource\\Fediverse\\Fediverse\\backend\\controllers\\feedController.js": {"path":"D:\\OpenSource\\Fediverse\\Fediverse\\backend\\controllers\\feedController.js","statementMap":{"0":{"start":{"line":2,"column":14},"end":{"line":2,"column":30}},"1":{"start":{"line":3,"column":17},"end":{"line":3,"column":36}},"2":{"start":{"line":4,"column":13},"end":{"line":4,"column":38}},"3":{"start":{"line":5,"column":13},"end":{"line":5,"column":38}},"4":{"start":{"line":8,"column":0},"end":{"line":98,"column":2}},"5":{"start":{"line":9,"column":2},"end":{"line":97,"column":3}},"6":{"start":{"line":10,"column":17},"end":{"line":10,"column":49}},"7":{"start":{"line":11,"column":4},"end":{"line":11,"column":74}},"8":{"start":{"line":11,"column":15},"end":{"line":11,"column":74}},"9":{"start":{"line":13,"column":22},"end":{"line":13,"column":24}},"10":{"start":{"line":14,"column":27},"end":{"line":14,"column":29}},"11":{"start":{"line":15,"column":28},"end":{"line":15,"column":30}},"12":{"start":{"line":18,"column":4},"end":{"line":38,"column":5}},"13":{"start":{"line":19,"column":6},"end":{"line":37,"column":7}},"14":{"start":{"line":21,"column":8},"end":{"line":34,"column":9}},"15":{"start":{"line":23,"column":27},"end":{"line":23,"column":46}},"16":{"start":{"line":24,"column":27},"end":{"line":24,"column":89}},"17":{"start":{"line":26,"column":28},"end":{"line":26,"column":60}},"18":{"start":{"line":27,"column":10},"end":{"line":31,"column":11}},"19":{"start":{"line":28,"column":12},"end":{"line":28,"column":47}},"20":{"start":{"line":30,"column":12},"end":{"line":30,"column":61}},"21":{"start":{"line":33,"column":10},"end":{"line":33,"column":41}},"22":{"start":{"line":36,"column":8},"end":{"line":36,"column":76}},"23":{"start":{"line":41,"column":4},"end":{"line":53,"column":5}},"24":{"start":{"line":42,"column":25},"end":{"line":49,"column":15}},"25":{"start":{"line":51,"column":6},"end":{"line":51,"column":60}},"26":{"start":{"line":52,"column":6},"end":{"line":52,"column":36}},"27":{"start":{"line":56,"column":4},"end":{"line":88,"column":5}},"28":{"start":{"line":57,"column":6},"end":{"line":87,"column":7}},"29":{"start":{"line":58,"column":26},"end":{"line":58,"column":52}},"30":{"start":{"line":59,"column":25},"end":{"line":64,"column":10}},"31":{"start":{"line":66,"column":28},"end":{"line":66,"column":61}},"32":{"start":{"line":67,"column":8},"end":{"line":67,"column":87}},"33":{"start":{"line":69,"column":8},"end":{"line":84,"column":9}},"34":{"start":{"line":70,"column":10},"end":{"line":83,"column":11}},"35":{"start":{"line":71,"column":25},"end":{"line":81,"column":13}},"36":{"start":{"line":82,"column":12},"end":{"line":82,"column":33}},"37":{"start":{"line":86,"column":8},"end":{"line":86,"column":91}},"38":{"start":{"line":91,"column":4},"end":{"line":91,"column":76}},"39":{"start":{"line":91,"column":29},"end":{"line":91,"column":74}},"40":{"start":{"line":93,"column":4},"end":{"line":93,"column":24}},"41":{"start":{"line":95,"column":4},"end":{"line":95,"column":44}},"42":{"start":{"line":96,"column":4},"end":{"line":96,"column":54}}},"fnMap":{"0":{"name":"(anonymous_0)","decl":{"start":{"line":8,"column":18},"end":{"line":8,"column":19}},"loc":{"start":{"line":8,"column":38},"end":{"line":98,"column":1}},"line":8},"1":{"name":"(anonymous_1)","decl":{"start":{"line":91,"column":19},"end":{"line":91,"column":20}},"loc":{"start":{"line":91,"column":29},"end":{"line":91,"column":74}},"line":91}},"branchMap":{"0":{"loc":{"start":{"line":11,"column":4},"end":{"line":11,"column":74}},"type":"if","locations":[{"start":{"line":11,"column":4},"end":{"line":11,"column":74}},{"start":{},"end":{}}],"line":11},"1":{"loc":{"start":{"line":21,"column":8},"end":{"line":34,"column":9}},"type":"if","locations":[{"start":{"line":21,"column":8},"end":{"line":34,"column":9}},{"start":{"line":32,"column":15},"end":{"line":34,"column":9}}],"line":21},"2":{"loc":{"start":{"line":24,"column":27},"end":{"line":24,"column":89}},"type":"binary-expr","locations":[{"start":{"line":24,"column":27},"end":{"line":24,"column":56}},{"start":{"line":24,"column":60},"end":{"line":24,"column":89}}],"line":24},"3":{"loc":{"start":{"line":27,"column":10},"end":{"line":31,"column":11}},"type":"if","locations":[{"start":{"line":27,"column":10},"end":{"line":31,"column":11}},{"start":{"line":29,"column":17},"end":{"line":31,"column":11}}],"line":27},"4":{"loc":{"start":{"line":41,"column":4},"end":{"line":53,"column":5}},"type":"if","locations":[{"start":{"line":41,"column":4},"end":{"line":53,"column":5}},{"start":{},"end":{}}],"line":41},"5":{"loc":{"start":{"line":66,"column":28},"end":{"line":66,"column":61}},"type":"binary-expr","locations":[{"start":{"line":66,"column":28},"end":{"line":66,"column":55}},{"start":{"line":66,"column":59},"end":{"line":66,"column":61}}],"line":66},"6":{"loc":{"start":{"line":70,"column":10},"end":{"line":83,"column":11}},"type":"if","locations":[{"start":{"line":70,"column":10},"end":{"line":83,"column":11}},{"start":{},"end":{}}],"line":70},"7":{"loc":{"start":{"line":70,"column":14},"end":{"line":70,"column":77}},"type":"binary-expr","locations":[{"start":{"line":70,"column":14},"end":{"line":70,"column":40}},{"start":{"line":70,"column":44},"end":{"line":70,"column":77}}],"line":70},"8":{"loc":{"start":{"line":73,"column":23},"end":{"line":73,"column":49}},"type":"binary-expr","locations":[{"start":{"line":73,"column":23},"end":{"line":73,"column":43}},{"start":{"line":73,"column":47},"end":{"line":73,"column":49}}],"line":73}},"s":{"0":1,"1":1,"2":1,"3":1,"4":1,"5":0,"6":0,"7":0,"8":0,"9":0,"10":0,"11":0,"12":0,"13":0,"14":0,"15":0,"16":0,"17":0,"18":0,"19":0,"20":0,"21":0,"22":0,"23":0,"24":0,"25":0,"26":0,"27":0,"28":0,"29":0,"30":0,"31":0,"32":0,"33":0,"34":0,"35":0,"36":0,"37":0,"38":0,"39":0,"40":0,"41":0,"42":0},"f":{"0":0,"1":0},"b":{"0":[0,0],"1":[0,0],"2":[0,0],"3":[0,0],"4":[0,0],"5":[0,0],"6":[0,0],"7":[0,0],"8":[0,0]},"_coverageSchema":"1a1c01bbd47fc00a2c39e90264f33305004495a9","hash":"a926c56e5c06e8c7fa0b890aa33ed460bd247314"}
,"D:\\OpenSource\\Fediverse\\Fediverse\\backend\\controllers\\followController.js": {"path":"D:\\OpenSource\\Fediverse\\Fediverse\\backend\\controllers\\followController.js","statementMap":{"0":{"start":{"line":2,"column":14},"end":{"line":2,"column":30}},"1":{"start":{"line":3,"column":13},"end":{"line":3,"column":38}},"2":{"start":{"line":4,"column":30},"end":{"line":4,"column":67}},"3":{"start":{"line":6,"column":0},"end":{"line":46,"column":2}},"4":{"start":{"line":7,"column":23},"end":{"line":7,"column":33}},"5":{"start":{"line":8,"column":29},"end":{"line":8,"column":37}},"6":{"start":{"line":10,"column":2},"end":{"line":45,"column":3}},"7":{"start":{"line":11,"column":22},"end":{"line":11,"column":54}},"8":{"start":{"line":12,"column":4},"end":{"line":12,"column":83}},"9":{"start":{"line":12,"column":20},"end":{"line":12,"column":83}},"10":{"start":{"line":15,"column":21},"end":{"line":17,"column":6}},"11":{"start":{"line":19,"column":24},"end":{"line":19,"column":43}},"12":{"start":{"line":20,"column":4},"end":{"line":20,"column":87}},"13":{"start":{"line":20,"column":22},"end":{"line":20,"column":87}},"14":{"start":{"line":23,"column":27},"end":{"line":29,"column":5}},"15":{"start":{"line":32,"column":4},"end":{"line":32,"column":77}},"16":{"start":{"line":35,"column":4},"end":{"line":38,"column":5}},"17":{"start":{"line":36,"column":6},"end":{"line":36,"column":47}},"18":{"start":{"line":37,"column":6},"end":{"line":37,"column":29}},"19":{"start":{"line":40,"column":4},"end":{"line":40,"column":77}},"20":{"start":{"line":43,"column":4},"end":{"line":43,"column":50}},"21":{"start":{"line":44,"column":4},"end":{"line":44,"column":68}}},"fnMap":{"0":{"name":"(anonymous_0)","decl":{"start":{"line":6,"column":21},"end":{"line":6,"column":22}},"loc":{"start":{"line":6,"column":41},"end":{"line":46,"column":1}},"line":6}},"branchMap":{"0":{"loc":{"start":{"line":12,"column":4},"end":{"line":12,"column":83}},"type":"if","locations":[{"start":{"line":12,"column":4},"end":{"line":12,"column":83}},{"start":{},"end":{}}],"line":12},"1":{"loc":{"start":{"line":20,"column":4},"end":{"line":20,"column":87}},"type":"if","locations":[{"start":{"line":20,"column":4},"end":{"line":20,"column":87}},{"start":{},"end":{}}],"line":20},"2":{"loc":{"start":{"line":35,"column":4},"end":{"line":38,"column":5}},"type":"if","locations":[{"start":{"line":35,"column":4},"end":{"line":38,"column":5}},{"start":{},"end":{}}],"line":35}},"s":{"0":1,"1":1,"2":1,"3":1,"4":0,"5":0,"6":0,"7":0,"8":0,"9":0,"10":0,"11":0,"12":0,"13":0,"14":0,"15":0,"16":0,"17":0,"18":0,"19":0,"20":0,"21":0},"f":{"0":0},"b":{"0":[0,0],"1":[0,0],"2":[0,0]},"_coverageSchema":"1a1c01bbd47fc00a2c39e90264f33305004495a9","hash":"ff5aaf5d0e61ad821b01f27f694ccfcc972a9eec"}
,"D:\\OpenSource\\Fediverse\\Fediverse\\backend\\controllers\\mail.js": {"path":"D:\\OpenSource\\Fediverse\\Fediverse\\backend\\controllers\\mail.js","statementMap":{"0":{"start":{"line":4,"column":19},"end":{"line":4,"column":40}},"1":{"start":{"line":5,"column":0},"end":{"line":5,"column":27}},"2":{"start":{"line":7,"column":26},"end":{"line":90,"column":1}},"3":{"start":{"line":8,"column":22},"end":{"line":14,"column":4}},"4":{"start":{"line":16,"column":22},"end":{"line":79,"column":1}},"5":{"start":{"line":82,"column":2},"end":{"line":89,"column":3}},"6":{"start":{"line":83,"column":17},"end":{"line":83,"column":56}},"7":{"start":{"line":84,"column":4},"end":{"line":84,"column":55}},"8":{"start":{"line":85,"column":4},"end":{"line":85,"column":16}},"9":{"start":{"line":87,"column":4},"end":{"line":87,"column":58}},"10":{"start":{"line":88,"column":4},"end":{"line":88,"column":17}},"11":{"start":{"line":92,"column":0},"end":{"line":92,"column":35}}},"fnMap":{"0":{"name":"(anonymous_0)","decl":{"start":{"line":7,"column":26},"end":{"line":7,"column":27}},"loc":{"start":{"line":7,"column":60},"end":{"line":90,"column":1}},"line":7}},"branchMap":{"0":{"loc":{"start":{"line":7,"column":42},"end":{"line":7,"column":55}},"type":"default-arg","locations":[{"start":{"line":7,"column":53},"end":{"line":7,"column":55}}],"line":7},"1":{"loc":{"start":{"line":40,"column":15},"end":{"line":40,"column":34}},"type":"binary-expr","locations":[{"start":{"line":40,"column":15},"end":{"line":40,"column":23}},{"start":{"line":40,"column":27},"end":{"line":40,"column":34}}],"line":40}},"s":{"0":1,"1":1,"2":1,"3":0,"4":0,"5":0,"6":0,"7":0,"8":0,"9":0,"10":0,"11":1},"f":{"0":0},"b":{"0":[0],"1":[0,0]},"_coverageSchema":"1a1c01bbd47fc00a2c39e90264f33305004495a9","hash":"36f2a5515632b8d5f8ae579bf52f196c6b0ab05c"}
,"D:\\OpenSource\\Fediverse\\Fediverse\\backend\\controllers\\postController.js": {"path":"D:\\OpenSource\\Fediverse\\Fediverse\\backend\\controllers\\postController.js","statementMap":{"0":{"start":{"line":1,"column":13},"end":{"line":1,"column":38}},"1":{"start":{"line":2,"column":13},"end":{"line":2,"column":38}},"2":{"start":{"line":3,"column":23},"end":{"line":3,"column":38}},"3":{"start":{"line":4,"column":14},"end":{"line":4,"column":30}},"4":{"start":{"line":5,"column":11},"end":{"line":5,"column":24}},"5":{"start":{"line":6,"column":13},"end":{"line":6,"column":28}},"6":{"start":{"line":7,"column":13},"end":{"line":7,"column":34}},"7":{"start":{"line":9,"column":28},"end":{"line":9,"column":65}},"8":{"start":{"line":14,"column":0},"end":{"line":93,"column":2}},"9":{"start":{"line":15,"column":22},"end":{"line":15,"column":30}},"10":{"start":{"line":16,"column":17},"end":{"line":16,"column":28}},"11":{"start":{"line":18,"column":2},"end":{"line":92,"column":3}},"12":{"start":{"line":19,"column":17},"end":{"line":19,"column":44}},"13":{"start":{"line":20,"column":4},"end":{"line":20,"column":72}},"14":{"start":{"line":20,"column":15},"end":{"line":20,"column":72}},"15":{"start":{"line":22,"column":21},"end":{"line":22,"column":67}},"16":{"start":{"line":25,"column":19},"end":{"line":25,"column":21}},"17":{"start":{"line":26,"column":4},"end":{"line":28,"column":5}},"18":{"start":{"line":27,"column":6},"end":{"line":27,"column":31}},"19":{"start":{"line":31,"column":20},"end":{"line":38,"column":6}},"20":{"start":{"line":40,"column":4},"end":{"line":40,"column":25}},"21":{"start":{"line":43,"column":21},"end":{"line":43,"column":23}},"22":{"start":{"line":44,"column":4},"end":{"line":51,"column":5}},"23":{"start":{"line":45,"column":24},"end":{"line":45,"column":61}},"24":{"start":{"line":46,"column":6},"end":{"line":50,"column":9}},"25":{"start":{"line":54,"column":25},"end":{"line":68,"column":5}},"26":{"start":{"line":71,"column":22},"end":{"line":71,"column":42}},"27":{"start":{"line":72,"column":4},"end":{"line":83,"column":5}},"28":{"start":{"line":73,"column":23},"end":{"line":75,"column":34}},"29":{"start":{"line":77,"column":6},"end":{"line":82,"column":7}},"30":{"start":{"line":78,"column":8},"end":{"line":78,"column":71}},"31":{"start":{"line":79,"column":8},"end":{"line":79,"column":49}},"32":{"start":{"line":81,"column":8},"end":{"line":81,"column":76}},"33":{"start":{"line":85,"column":4},"end":{"line":88,"column":7}},"34":{"start":{"line":90,"column":4},"end":{"line":90,"column":49}},"35":{"start":{"line":91,"column":4},"end":{"line":91,"column":52}},"36":{"start":{"line":101,"column":0},"end":{"line":124,"column":2}},"37":{"start":{"line":102,"column":2},"end":{"line":123,"column":3}},"38":{"start":{"line":103,"column":19},"end":{"line":103,"column":36}},"39":{"start":{"line":104,"column":19},"end":{"line":104,"column":36}},"40":{"start":{"line":105,"column":4},"end":{"line":105,"column":78}},"41":{"start":{"line":107,"column":17},"end":{"line":107,"column":44}},"42":{"start":{"line":108,"column":4},"end":{"line":108,"column":72}},"43":{"start":{"line":108,"column":15},"end":{"line":108,"column":72}},"44":{"start":{"line":110,"column":4},"end":{"line":113,"column":5}},"45":{"start":{"line":111,"column":6},"end":{"line":111,"column":30}},"46":{"start":{"line":112,"column":6},"end":{"line":112,"column":24}},"47":{"start":{"line":115,"column":4},"end":{"line":119,"column":7}},"48":{"start":{"line":121,"column":4},"end":{"line":121,"column":46}},"49":{"start":{"line":122,"column":4},"end":{"line":122,"column":59}},"50":{"start":{"line":127,"column":0},"end":{"line":149,"column":2}},"51":{"start":{"line":128,"column":2},"end":{"line":148,"column":3}},"52":{"start":{"line":129,"column":19},"end":{"line":129,"column":36}},"53":{"start":{"line":130,"column":19},"end":{"line":130,"column":36}},"54":{"start":{"line":132,"column":17},"end":{"line":132,"column":44}},"55":{"start":{"line":133,"column":4},"end":{"line":133,"column":72}},"56":{"start":{"line":133,"column":15},"end":{"line":133,"column":72}},"57":{"start":{"line":135,"column":4},"end":{"line":138,"column":5}},"58":{"start":{"line":136,"column":6},"end":{"line":136,"column":60}},"59":{"start":{"line":136,"column":45},"end":{"line":136,"column":58}},"60":{"start":{"line":137,"column":6},"end":{"line":137,"column":24}},"61":{"start":{"line":140,"column":4},"end":{"line":144,"column":7}},"62":{"start":{"line":146,"column":4},"end":{"line":146,"column":48}},"63":{"start":{"line":147,"column":4},"end":{"line":147,"column":61}},"64":{"start":{"line":157,"column":0},"end":{"line":208,"column":2}},"65":{"start":{"line":158,"column":2},"end":{"line":207,"column":3}},"66":{"start":{"line":159,"column":22},"end":{"line":159,"column":54}},"67":{"start":{"line":160,"column":4},"end":{"line":160,"column":79}},"68":{"start":{"line":160,"column":20},"end":{"line":160,"column":79}},"69":{"start":{"line":162,"column":22},"end":{"line":162,"column":47}},"70":{"start":{"line":164,"column":27},"end":{"line":164,"column":90}},"71":{"start":{"line":164,"column":53},"end":{"line":164,"column":89}},"72":{"start":{"line":165,"column":28},"end":{"line":165,"column":92}},"73":{"start":{"line":165,"column":54},"end":{"line":165,"column":91}},"74":{"start":{"line":168,"column":27},"end":{"line":168,"column":79}},"75":{"start":{"line":168,"column":55},"end":{"line":168,"column":78}},"76":{"start":{"line":169,"column":32},"end":{"line":169,"column":86}},"77":{"start":{"line":170,"column":30},"end":{"line":170,"column":73}},"78":{"start":{"line":170,"column":64},"end":{"line":170,"column":72}},"79":{"start":{"line":172,"column":23},"end":{"line":177,"column":49}},"80":{"start":{"line":180,"column":24},"end":{"line":183,"column":30}},"81":{"start":{"line":186,"column":33},"end":{"line":196,"column":7}},"82":{"start":{"line":186,"column":60},"end":{"line":196,"column":5}},"83":{"start":{"line":199,"column":21},"end":{"line":201,"column":5}},"84":{"start":{"line":200,"column":16},"end":{"line":200,"column":61}},"85":{"start":{"line":203,"column":4},"end":{"line":203,"column":35}},"86":{"start":{"line":205,"column":4},"end":{"line":205,"column":54}},"87":{"start":{"line":206,"column":4},"end":{"line":206,"column":54}}},"fnMap":{"0":{"name":"(anonymous_0)","decl":{"start":{"line":14,"column":21},"end":{"line":14,"column":22}},"loc":{"start":{"line":14,"column":41},"end":{"line":93,"column":1}},"line":14},"1":{"name":"(anonymous_1)","decl":{"start":{"line":101,"column":19},"end":{"line":101,"column":20}},"loc":{"start":{"line":101,"column":39},"end":{"line":124,"column":1}},"line":101},"2":{"name":"(anonymous_2)","decl":{"start":{"line":127,"column":21},"end":{"line":127,"column":22}},"loc":{"start":{"line":127,"column":41},"end":{"line":149,"column":1}},"line":127},"3":{"name":"(anonymous_3)","decl":{"start":{"line":136,"column":37},"end":{"line":136,"column":38}},"loc":{"start":{"line":136,"column":45},"end":{"line":136,"column":58}},"line":136},"4":{"name":"(anonymous_4)","decl":{"start":{"line":157,"column":18},"end":{"line":157,"column":19}},"loc":{"start":{"line":157,"column":38},"end":{"line":208,"column":1}},"line":157},"5":{"name":"(anonymous_5)","decl":{"start":{"line":164,"column":44},"end":{"line":164,"column":45}},"loc":{"start":{"line":164,"column":53},"end":{"line":164,"column":89}},"line":164},"6":{"name":"(anonymous_6)","decl":{"start":{"line":165,"column":45},"end":{"line":165,"column":46}},"loc":{"start":{"line":165,"column":54},"end":{"line":165,"column":91}},"line":165},"7":{"name":"(anonymous_7)","decl":{"start":{"line":168,"column":46},"end":{"line":168,"column":47}},"loc":{"start":{"line":168,"column":55},"end":{"line":168,"column":78}},"line":168},"8":{"name":"(anonymous_8)","decl":{"start":{"line":170,"column":54},"end":{"line":170,"column":55}},"loc":{"start":{"line":170,"column":64},"end":{"line":170,"column":72}},"line":170},"9":{"name":"(anonymous_9)","decl":{"start":{"line":186,"column":49},"end":{"line":186,"column":50}},"loc":{"start":{"line":186,"column":60},"end":{"line":196,"column":5}},"line":186},"10":{"name":"(anonymous_10)","decl":{"start":{"line":200,"column":6},"end":{"line":200,"column":7}},"loc":{"start":{"line":200,"column":16},"end":{"line":200,"column":61}},"line":200}},"branchMap":{"0":{"loc":{"start":{"line":20,"column":4},"end":{"line":20,"column":72}},"type":"if","locations":[{"start":{"line":20,"column":4},"end":{"line":20,"column":72}},{"start":{},"end":{}}],"line":20},"1":{"loc":{"start":{"line":26,"column":4},"end":{"line":28,"column":5}},"type":"if","locations":[{"start":{"line":26,"column":4},"end":{"line":28,"column":5}},{"start":{},"end":{}}],"line":26},"2":{"loc":{"start":{"line":26,"column":8},"end":{"line":26,"column":33}},"type":"binary-expr","locations":[{"start":{"line":26,"column":8},"end":{"line":26,"column":16}},{"start":{"line":26,"column":20},"end":{"line":26,"column":33}}],"line":26},"3":{"loc":{"start":{"line":44,"column":4},"end":{"line":51,"column":5}},"type":"if","locations":[{"start":{"line":44,"column":4},"end":{"line":51,"column":5}},{"start":{},"end":{}}],"line":44},"4":{"loc":{"start":{"line":44,"column":8},"end":{"line":44,"column":48}},"type":"binary-expr","locations":[{"start":{"line":44,"column":8},"end":{"line":44,"column":16}},{"start":{"line":44,"column":20},"end":{"line":44,"column":48}}],"line":44},"5":{"loc":{"start":{"line":45,"column":24},"end":{"line":45,"column":61}},"type":"binary-expr","locations":[{"start":{"line":45,"column":24},"end":{"line":45,"column":45}},{"start":{"line":45,"column":49},"end":{"line":45,"column":61}}],"line":45},"6":{"loc":{"start":{"line":71,"column":22},"end":{"line":71,"column":42}},"type":"binary-expr","locations":[{"start":{"line":71,"column":22},"end":{"line":71,"column":36}},{"start":{"line":71,"column":40},"end":{"line":71,"column":42}}],"line":71},"7":{"loc":{"start":{"line":73,"column":23},"end":{"line":75,"column":34}},"type":"cond-expr","locations":[{"start":{"line":74,"column":10},"end":{"line":74,"column":23}},{"start":{"line":75,"column":10},"end":{"line":75,"column":34}}],"line":73},"8":{"loc":{"start":{"line":108,"column":4},"end":{"line":108,"column":72}},"type":"if","locations":[{"start":{"line":108,"column":4},"end":{"line":108,"column":72}},{"start":{},"end":{}}],"line":108},"9":{"loc":{"start":{"line":110,"column":4},"end":{"line":113,"column":5}},"type":"if","locations":[{"start":{"line":110,"column":4},"end":{"line":113,"column":5}},{"start":{},"end":{}}],"line":110},"10":{"loc":{"start":{"line":133,"column":4},"end":{"line":133,"column":72}},"type":"if","locations":[{"start":{"line":133,"column":4},"end":{"line":133,"column":72}},{"start":{},"end":{}}],"line":133},"11":{"loc":{"start":{"line":135,"column":4},"end":{"line":138,"column":5}},"type":"if","locations":[{"start":{"line":135,"column":4},"end":{"line":138,"column":5}},{"start":{},"end":{}}],"line":135},"12":{"loc":{"start":{"line":160,"column":4},"end":{"line":160,"column":79}},"type":"if","locations":[{"start":{"line":160,"column":4},"end":{"line":160,"column":79}},{"start":{},"end":{}}],"line":160},"13":{"loc":{"start":{"line":162,"column":22},"end":{"line":162,"column":47}},"type":"binary-expr","locations":[{"start":{"line":162,"column":22},"end":{"line":162,"column":41}},{"start":{"line":162,"column":45},"end":{"line":162,"column":47}}],"line":162}},"s":{"0":1,"1":1,"2":1,"3":1,"4":1,"5":1,"6":1,"7":1,"8":1,"9":0,"10":0,"11":0,"12":0,"13":0,"14":0,"15":0,"16":0,"17":0,"18":0,"19":0,"20":0,"21":0,"22":0,"23":0,"24":0,"25":0,"26":0,"27":0,"28":0,"29":0,"30":0,"31":0,"32":0,"33":0,"34":0,"35":0,"36":1,"37":0,"38":0,"39":0,"40":0,"41":0,"42":0,"43":0,"44":0,"45":0,"46":0,"47":0,"48":0,"49":0,"50":1,"51":0,"52":0,"53":0,"54":0,"55":0,"56":0,"57":0,"58":0,"59":0,"60":0,"61":0,"62":0,"63":0,"64":1,"65":0,"66":0,"67":0,"68":0,"69":0,"70":0,"71":0,"72":0,"73":0,"74":0,"75":0,"76":0,"77":0,"78":0,"79":0,"80":0,"81":0,"82":0,"83":0,"84":0,"85":0,"86":0,"87":0},"f":{"0":0,"1":0,"2":0,"3":0,"4":0,"5":0,"6":0,"7":0,"8":0,"9":0,"10":0},"b":{"0":[0,0],"1":[0,0],"2":[0,0],"3":[0,0],"4":[0,0],"5":[0,0],"6":[0,0],"7":[0,0],"8":[0,0],"9":[0,0],"10":[0,0],"11":[0,0],"12":[0,0],"13":[0,0]},"_coverageSchema":"1a1c01bbd47fc00a2c39e90264f33305004495a9","hash":"1c298b938ba420c6839616b59795db34ce852f95"}
,"D:\\OpenSource\\Fediverse\\Fediverse\\backend\\controllers\\replyController.js": {"path":"D:\\OpenSource\\Fediverse\\Fediverse\\backend\\controllers\\replyController.js","statementMap":{"0":{"start":{"line":1,"column":14},"end":{"line":1,"column":40}},"1":{"start":{"line":2,"column":13},"end":{"line":2,"column":38}},"2":{"start":{"line":4,"column":0},"end":{"line":29,"column":2}},"3":{"start":{"line":5,"column":2},"end":{"line":28,"column":3}},"4":{"start":{"line":6,"column":23},"end":{"line":6,"column":33}},"5":{"start":{"line":7,"column":24},"end":{"line":7,"column":32}},"6":{"start":{"line":8,"column":17},"end":{"line":8,"column":25}},"7":{"start":{"line":10,"column":17},"end":{"line":10,"column":44}},"8":{"start":{"line":11,"column":4},"end":{"line":11,"column":74}},"9":{"start":{"line":11,"column":15},"end":{"line":11,"column":74}},"10":{"start":{"line":13,"column":18},"end":{"line":20,"column":6}},"11":{"start":{"line":22,"column":4},"end":{"line":22,"column":23}},"12":{"start":{"line":24,"column":4},"end":{"line":24,"column":69}},"13":{"start":{"line":26,"column":4},"end":{"line":26,"column":59}},"14":{"start":{"line":27,"column":4},"end":{"line":27,"column":61}},"15":{"start":{"line":31,"column":0},"end":{"line":40,"column":2}},"16":{"start":{"line":32,"column":2},"end":{"line":39,"column":3}},"17":{"start":{"line":33,"column":23},"end":{"line":33,"column":33}},"18":{"start":{"line":34,"column":20},"end":{"line":34,"column":109}},"19":{"start":{"line":35,"column":4},"end":{"line":35,"column":41}},"20":{"start":{"line":37,"column":4},"end":{"line":37,"column":56}},"21":{"start":{"line":38,"column":4},"end":{"line":38,"column":61}}},"fnMap":{"0":{"name":"(anonymous_0)","decl":{"start":{"line":4,"column":22},"end":{"line":4,"column":23}},"loc":{"start":{"line":4,"column":42},"end":{"line":29,"column":1}},"line":4},"1":{"name":"(anonymous_1)","decl":{"start":{"line":31,"column":28},"end":{"line":31,"column":29}},"loc":{"start":{"line":31,"column":48},"end":{"line":40,"column":1}},"line":31}},"branchMap":{"0":{"loc":{"start":{"line":11,"column":4},"end":{"line":11,"column":74}},"type":"if","locations":[{"start":{"line":11,"column":4},"end":{"line":11,"column":74}},{"start":{},"end":{}}],"line":11},"1":{"loc":{"start":{"line":18,"column":11},"end":{"line":18,"column":71}},"type":"binary-expr","locations":[{"start":{"line":18,"column":11},"end":{"line":18,"column":21}},{"start":{"line":18,"column":25},"end":{"line":18,"column":71}}],"line":18}},"s":{"0":1,"1":1,"2":1,"3":0,"4":0,"5":0,"6":0,"7":0,"8":0,"9":0,"10":0,"11":0,"12":0,"13":0,"14":0,"15":1,"16":0,"17":0,"18":0,"19":0,"20":0,"21":0},"f":{"0":0,"1":0},"b":{"0":[0,0],"1":[0,0]},"_coverageSchema":"1a1c01bbd47fc00a2c39e90264f33305004495a9","hash":"ee6e3beb2f914381c81a84057cb204b8bc3d8120"}
,"D:\\OpenSource\\Fediverse\\Fediverse\\backend\\controllers\\userController.js": {"path":"D:\\OpenSource\\Fediverse\\Fediverse\\backend\\controllers\\userController.js","statementMap":{"0":{"start":{"line":6,"column":14},"end":{"line":6,"column":30}},"1":{"start":{"line":7,"column":13},"end":{"line":7,"column":38}},"2":{"start":{"line":8,"column":13},"end":{"line":8,"column":38}},"3":{"start":{"line":9,"column":20},"end":{"line":9,"column":53}},"4":{"start":{"line":13,"column":0},"end":{"line":22,"column":2}},"5":{"start":{"line":14,"column":26},"end":{"line":14,"column":47}},"6":{"start":{"line":16,"column":2},"end":{"line":21,"column":3}},"7":{"start":{"line":17,"column":18},"end":{"line":17,"column":104}},"8":{"start":{"line":18,"column":4},"end":{"line":18,"column":20}},"9":{"start":{"line":20,"column":4},"end":{"line":20,"column":61}},"10":{"start":{"line":29,"column":0},"end":{"line":33,"column":2}},"11":{"start":{"line":30,"column":15},"end":{"line":30,"column":69}},"12":{"start":{"line":31,"column":2},"end":{"line":31,"column":70}},"13":{"start":{"line":31,"column":13},"end":{"line":31,"column":70}},"14":{"start":{"line":32,"column":2},"end":{"line":32,"column":17}},"15":{"start":{"line":38,"column":0},"end":{"line":69,"column":2}},"16":{"start":{"line":39,"column":25},"end":{"line":39,"column":44}},"17":{"start":{"line":40,"column":24},"end":{"line":40,"column":35}},"18":{"start":{"line":42,"column":2},"end":{"line":68,"column":3}},"19":{"start":{"line":43,"column":23},"end":{"line":43,"column":71}},"20":{"start":{"line":44,"column":24},"end":{"line":44,"column":58}},"21":{"start":{"line":46,"column":4},"end":{"line":48,"column":5}},"22":{"start":{"line":47,"column":6},"end":{"line":47,"column":63}},"23":{"start":{"line":50,"column":28},"end":{"line":50,"column":48}},"24":{"start":{"line":53,"column":4},"end":{"line":56,"column":5}},"25":{"start":{"line":54,"column":6},"end":{"line":54,"column":54}},"26":{"start":{"line":55,"column":6},"end":{"line":55,"column":31}},"27":{"start":{"line":59,"column":4},"end":{"line":62,"column":5}},"28":{"start":{"line":60,"column":6},"end":{"line":60,"column":54}},"29":{"start":{"line":61,"column":6},"end":{"line":61,"column":30}},"30":{"start":{"line":64,"column":4},"end":{"line":64,"column":63}},"31":{"start":{"line":66,"column":4},"end":{"line":66,"column":40}},"32":{"start":{"line":67,"column":4},"end":{"line":67,"column":61}},"33":{"start":{"line":77,"column":0},"end":{"line":135,"column":2}},"34":{"start":{"line":78,"column":25},"end":{"line":78,"column":44}},"35":{"start":{"line":79,"column":24},"end":{"line":79,"column":35}},"36":{"start":{"line":81,"column":2},"end":{"line":134,"column":3}},"37":{"start":{"line":82,"column":23},"end":{"line":82,"column":71}},"38":{"start":{"line":83,"column":24},"end":{"line":83,"column":58}},"39":{"start":{"line":85,"column":4},"end":{"line":87,"column":5}},"40":{"start":{"line":86,"column":6},"end":{"line":86,"column":63}},"41":{"start":{"line":89,"column":25},"end":{"line":89,"column":45}},"42":{"start":{"line":90,"column":24},"end":{"line":90,"column":43}},"43":{"start":{"line":93,"column":4},"end":{"line":95,"column":6}},"44":{"start":{"line":94,"column":17},"end":{"line":94,"column":38}},"45":{"start":{"line":96,"column":4},"end":{"line":96,"column":29}},"46":{"start":{"line":99,"column":4},"end":{"line":101,"column":6}},"47":{"start":{"line":100,"column":17},"end":{"line":100,"column":39}},"48":{"start":{"line":102,"column":4},"end":{"line":102,"column":28}},"49":{"start":{"line":105,"column":4},"end":{"line":128,"column":5}},"50":{"start":{"line":106,"column":27},"end":{"line":116,"column":7}},"51":{"start":{"line":118,"column":23},"end":{"line":118,"column":45}},"52":{"start":{"line":120,"column":22},"end":{"line":124,"column":8}},"53":{"start":{"line":126,"column":6},"end":{"line":126,"column":60}},"54":{"start":{"line":127,"column":6},"end":{"line":127,"column":53}},"55":{"start":{"line":130,"column":4},"end":{"line":130,"column":65}},"56":{"start":{"line":132,"column":4},"end":{"line":132,"column":50}},"57":{"start":{"line":133,"column":4},"end":{"line":133,"column":63}},"58":{"start":{"line":143,"column":0},"end":{"line":154,"column":2}},"59":{"start":{"line":144,"column":23},"end":{"line":144,"column":33}},"60":{"start":{"line":145,"column":15},"end":{"line":145,"column":47}},"61":{"start":{"line":147,"column":2},"end":{"line":147,"column":70}},"62":{"start":{"line":147,"column":13},"end":{"line":147,"column":70}},"63":{"start":{"line":149,"column":16},"end":{"line":151,"column":35}},"64":{"start":{"line":153,"column":2},"end":{"line":153,"column":18}}},"fnMap":{"0":{"name":"(anonymous_0)","decl":{"start":{"line":13,"column":22},"end":{"line":13,"column":23}},"loc":{"start":{"line":13,"column":42},"end":{"line":22,"column":1}},"line":13},"1":{"name":"(anonymous_1)","decl":{"start":{"line":29,"column":22},"end":{"line":29,"column":23}},"loc":{"start":{"line":29,"column":42},"end":{"line":33,"column":1}},"line":29},"2":{"name":"(anonymous_2)","decl":{"start":{"line":38,"column":21},"end":{"line":38,"column":22}},"loc":{"start":{"line":38,"column":41},"end":{"line":69,"column":1}},"line":38},"3":{"name":"(anonymous_3)","decl":{"start":{"line":77,"column":23},"end":{"line":77,"column":24}},"loc":{"start":{"line":77,"column":43},"end":{"line":135,"column":1}},"line":77},"4":{"name":"(anonymous_4)","decl":{"start":{"line":94,"column":6},"end":{"line":94,"column":7}},"loc":{"start":{"line":94,"column":17},"end":{"line":94,"column":38}},"line":94},"5":{"name":"(anonymous_5)","decl":{"start":{"line":100,"column":6},"end":{"line":100,"column":7}},"loc":{"start":{"line":100,"column":17},"end":{"line":100,"column":39}},"line":100},"6":{"name":"(anonymous_6)","decl":{"start":{"line":143,"column":23},"end":{"line":143,"column":24}},"loc":{"start":{"line":143,"column":43},"end":{"line":154,"column":1}},"line":143}},"branchMap":{"0":{"loc":{"start":{"line":31,"column":2},"end":{"line":31,"column":70}},"type":"if","locations":[{"start":{"line":31,"column":2},"end":{"line":31,"column":70}},{"start":{},"end":{}}],"line":31},"1":{"loc":{"start":{"line":46,"column":4},"end":{"line":48,"column":5}},"type":"if","locations":[{"start":{"line":46,"column":4},"end":{"line":48,"column":5}},{"start":{},"end":{}}],"line":46},"2":{"loc":{"start":{"line":46,"column":8},"end":{"line":46,"column":35}},"type":"binary-expr","locations":[{"start":{"line":46,"column":8},"end":{"line":46,"column":19}},{"start":{"line":46,"column":23},"end":{"line":46,"column":35}}],"line":46},"3":{"loc":{"start":{"line":53,"column":4},"end":{"line":56,"column":5}},"type":"if","locations":[{"start":{"line":53,"column":4},"end":{"line":56,"column":5}},{"start":{},"end":{}}],"line":53},"4":{"loc":{"start":{"line":59,"column":4},"end":{"line":62,"column":5}},"type":"if","locations":[{"start":{"line":59,"column":4},"end":{"line":62,"column":5}},{"start":{},"end":{}}],"line":59},"5":{"loc":{"start":{"line":85,"column":4},"end":{"line":87,"column":5}},"type":"if","locations":[{"start":{"line":85,"column":4},"end":{"line":87,"column":5}},{"start":{},"end":{}}],"line":85},"6":{"loc":{"start":{"line":85,"column":8},"end":{"line":85,"column":35}},"type":"binary-expr","locations":[{"start":{"line":85,"column":8},"end":{"line":85,"column":19}},{"start":{"line":85,"column":23},"end":{"line":85,"column":35}}],"line":85},"7":{"loc":{"start":{"line":105,"column":4},"end":{"line":128,"column":5}},"type":"if","locations":[{"start":{"line":105,"column":4},"end":{"line":128,"column":5}},{"start":{},"end":{}}],"line":105},"8":{"loc":{"start":{"line":105,"column":8},"end":{"line":105,"column":85}},"type":"binary-expr","locations":[{"start":{"line":105,"column":8},"end":{"line":105,"column":38}},{"start":{"line":105,"column":42},"end":{"line":105,"column":85}}],"line":105},"9":{"loc":{"start":{"line":147,"column":2},"end":{"line":147,"column":70}},"type":"if","locations":[{"start":{"line":147,"column":2},"end":{"line":147,"column":70}},{"start":{},"end":{}}],"line":147}},"s":{"0":1,"1":1,"2":1,"3":1,"4":1,"5":0,"6":0,"7":0,"8":0,"9":0,"10":1,"11":0,"12":0,"13":0,"14":0,"15":1,"16":0,"17":0,"18":0,"19":0,"20":0,"21":0,"22":0,"23":0,"24":0,"25":0,"26":0,"27":0,"28":0,"29":0,"30":0,"31":0,"32":0,"33":1,"34":0,"35":0,"36":0,"37":0,"38":0,"39":0,"40":0,"41":0,"42":0,"43":0,"44":0,"45":0,"46":0,"47":0,"48":0,"49":0,"50":0,"51":0,"52":0,"53":0,"54":0,"55":0,"56":0,"57":0,"58":1,"59":0,"60":0,"61":0,"62":0,"63":0,"64":0},"f":{"0":0,"1":0,"2":0,"3":0,"4":0,"5":0,"6":0},"b":{"0":[0,0],"1":[0,0],"2":[0,0],"3":[0,0],"4":[0,0],"5":[0,0],"6":[0,0],"7":[0,0],"8":[0,0],"9":[0,0]},"_coverageSchema":"1a1c01bbd47fc00a2c39e90264f33305004495a9","hash":"8745b66d0bbc31f57ed9e428e8b3a1366c6349d5"}
,"D:\\OpenSource\\Fediverse\\Fediverse\\backend\\middleware\\authMiddleware.js": {"path":"D:\\OpenSource\\Fediverse\\Fediverse\\backend\\middleware\\authMiddleware.js","statementMap":{"0":{"start":{"line":2,"column":12},"end":{"line":2,"column":35}},"1":{"start":{"line":4,"column":0},"end":{"line":16,"column":2}},"2":{"start":{"line":5,"column":16},"end":{"line":5,"column":56}},"3":{"start":{"line":6,"column":2},"end":{"line":6,"column":74}},"4":{"start":{"line":6,"column":14},"end":{"line":6,"column":74}},"5":{"start":{"line":8,"column":2},"end":{"line":15,"column":3}},"6":{"start":{"line":9,"column":20},"end":{"line":9,"column":61}},"7":{"start":{"line":10,"column":4},"end":{"line":10,"column":23}},"8":{"start":{"line":11,"column":4},"end":{"line":11,"column":25}},"9":{"start":{"line":12,"column":4},"end":{"line":12,"column":11}},"10":{"start":{"line":14,"column":4},"end":{"line":14,"column":60}}},"fnMap":{"0":{"name":"(anonymous_0)","decl":{"start":{"line":4,"column":22},"end":{"line":4,"column":23}},"loc":{"start":{"line":4,"column":42},"end":{"line":16,"column":1}},"line":4}},"branchMap":{"0":{"loc":{"start":{"line":6,"column":2},"end":{"line":6,"column":74}},"type":"if","locations":[{"start":{"line":6,"column":2},"end":{"line":6,"column":74}},{"start":{},"end":{}}],"line":6}},"s":{"0":1,"1":1,"2":1,"3":1,"4":1,"5":0,"6":0,"7":0,"8":0,"9":0,"10":0},"f":{"0":1},"b":{"0":[1,0]},"_coverageSchema":"1a1c01bbd47fc00a2c39e90264f33305004495a9","hash":"aa180e7228b6fe7439f3cac0ffdc7939355b3cbb"}
,"D:\\OpenSource\\Fediverse\\Fediverse\\backend\\middleware\\authenticate.js": {"path":"D:\\OpenSource\\Fediverse\\Fediverse\\backend\\middleware\\authenticate.js","statementMap":{"0":{"start":{"line":1,"column":12},"end":{"line":1,"column":35}},"1":{"start":{"line":2,"column":13},"end":{"line":2,"column":38}},"2":{"start":{"line":4,"column":23},"end":{"line":33,"column":1}},"3":{"start":{"line":5,"column":21},"end":{"line":5,"column":46}},"4":{"start":{"line":7,"column":2},"end":{"line":9,"column":3}},"5":{"start":{"line":8,"column":4},"end":{"line":8,"column":64}},"6":{"start":{"line":11,"column":16},"end":{"line":11,"column":40}},"7":{"start":{"line":13,"column":2},"end":{"line":32,"column":3}},"8":{"start":{"line":14,"column":20},"end":{"line":14,"column":61}},"9":{"start":{"line":16,"column":17},"end":{"line":16,"column":71}},"10":{"start":{"line":18,"column":4},"end":{"line":20,"column":5}},"11":{"start":{"line":19,"column":6},"end":{"line":19,"column":63}},"12":{"start":{"line":23,"column":4},"end":{"line":26,"column":6}},"13":{"start":{"line":28,"column":4},"end":{"line":28,"column":11}},"14":{"start":{"line":30,"column":4},"end":{"line":30,"column":51}},"15":{"start":{"line":31,"column":4},"end":{"line":31,"column":53}},"16":{"start":{"line":35,"column":0},"end":{"line":35,"column":32}}},"fnMap":{"0":{"name":"(anonymous_0)","decl":{"start":{"line":4,"column":23},"end":{"line":4,"column":24}},"loc":{"start":{"line":4,"column":49},"end":{"line":33,"column":1}},"line":4}},"branchMap":{"0":{"loc":{"start":{"line":7,"column":2},"end":{"line":9,"column":3}},"type":"if","locations":[{"start":{"line":7,"column":2},"end":{"line":9,"column":3}},{"start":{},"end":{}}],"line":7},"1":{"loc":{"start":{"line":7,"column":6},"end":{"line":7,"column":54}},"type":"binary-expr","locations":[{"start":{"line":7,"column":6},"end":{"line":7,"column":17}},{"start":{"line":7,"column":21},"end":{"line":7,"column":54}}],"line":7},"2":{"loc":{"start":{"line":18,"column":4},"end":{"line":20,"column":5}},"type":"if","locations":[{"start":{"line":18,"column":4},"end":{"line":20,"column":5}},{"start":{},"end":{}}],"line":18}},"s":{"0":1,"1":1,"2":1,"3":0,"4":0,"5":0,"6":0,"7":0,"8":0,"9":0,"10":0,"11":0,"12":0,"13":0,"14":0,"15":0,"16":1},"f":{"0":0},"b":{"0":[0,0],"1":[0,0],"2":[0,0]},"_coverageSchema":"1a1c01bbd47fc00a2c39e90264f33305004495a9","hash":"c5d686eba37724476b80c4dffb82c00a157b1864"}
,"D:\\OpenSource\\Fediverse\\Fediverse\\backend\\models\\Post.js": {"path":"D:\\OpenSource\\Fediverse\\Fediverse\\backend\\models\\Post.js","statementMap":{"0":{"start":{"line":1,"column":17},"end":{"line":1,"column":36}},"1":{"start":{"line":5,"column":19},"end":{"line":15,"column":24}},"2":{"start":{"line":17,"column":0},"end":{"line":17,"column":52}}},"fnMap":{},"branchMap":{},"s":{"0":1,"1":1,"2":1},"f":{},"b":{},"_coverageSchema":"1a1c01bbd47fc00a2c39e90264f33305004495a9","hash":"4754532b33aac9c7642cf6fe99aeae15de5b1ec0"}
,"D:\\OpenSource\\Fediverse\\Fediverse\\backend\\models\\Reply.js": {"path":"D:\\OpenSource\\Fediverse\\Fediverse\\backend\\models\\Reply.js","statementMap":{"0":{"start":{"line":1,"column":17},"end":{"line":1,"column":36}},"1":{"start":{"line":3,"column":22},"end":{"line":26,"column":2}},"2":{"start":{"line":28,"column":0},"end":{"line":28,"column":58}}},"fnMap":{},"branchMap":{},"s":{"0":1,"1":1,"2":1},"f":{},"b":{},"_coverageSchema":"1a1c01bbd47fc00a2c39e90264f33305004495a9","hash":"42866f4d2e5a1340bf8bfdfa145507001e5f7a7c"}
,"D:\\OpenSource\\Fediverse\\Fediverse\\backend\\models\\User.js": {"path":"D:\\OpenSource\\Fediverse\\Fediverse\\backend\\models\\User.js","statementMap":{"0":{"start":{"line":3,"column":17},"end":{"line":3,"column":36}},"1":{"start":{"line":4,"column":15},"end":{"line":4,"column":34}},"2":{"start":{"line":5,"column":15},"end":{"line":5,"column":32}},"3":{"start":{"line":7,"column":19},"end":{"line":19,"column":2}},"4":{"start":{"line":21,"column":0},"end":{"line":37,"column":3}},"5":{"start":{"line":22,"column":2},"end":{"line":24,"column":3}},"6":{"start":{"line":23,"column":4},"end":{"line":23,"column":57}},"7":{"start":{"line":26,"column":2},"end":{"line":34,"column":3}},"8":{"start":{"line":27,"column":38},"end":{"line":31,"column":6}},"9":{"start":{"line":32,"column":4},"end":{"line":32,"column":31}},"10":{"start":{"line":33,"column":4},"end":{"line":33,"column":33}},"11":{"start":{"line":36,"column":2},"end":{"line":36,"column":9}},"12":{"start":{"line":43,"column":0},"end":{"line":46,"column":2}},"13":{"start":{"line":44,"column":2},"end":{"line":44,"column":71}},"14":{"start":{"line":45,"column":2},"end":{"line":45,"column":64}},"15":{"start":{"line":49,"column":0},"end":{"line":49,"column":52}}},"fnMap":{"0":{"name":"(anonymous_0)","decl":{"start":{"line":21,"column":23},"end":{"line":21,"column":24}},"loc":{"start":{"line":21,"column":45},"end":{"line":37,"column":1}},"line":21},"1":{"name":"(anonymous_1)","decl":{"start":{"line":43,"column":37},"end":{"line":43,"column":38}},"loc":{"start":{"line":43,"column":72},"end":{"line":46,"column":1}},"line":43}},"branchMap":{"0":{"loc":{"start":{"line":22,"column":2},"end":{"line":24,"column":3}},"type":"if","locations":[{"start":{"line":22,"column":2},"end":{"line":24,"column":3}},{"start":{},"end":{}}],"line":22},"1":{"loc":{"start":{"line":26,"column":2},"end":{"line":34,"column":3}},"type":"if","locations":[{"start":{"line":26,"column":2},"end":{"line":34,"column":3}},{"start":{},"end":{}}],"line":26},"2":{"loc":{"start":{"line":26,"column":6},"end":{"line":26,"column":41}},"type":"binary-expr","locations":[{"start":{"line":26,"column":6},"end":{"line":26,"column":21}},{"start":{"line":26,"column":25},"end":{"line":26,"column":41}}],"line":26}},"s":{"0":1,"1":1,"2":1,"3":1,"4":1,"5":0,"6":0,"7":0,"8":0,"9":0,"10":0,"11":0,"12":1,"13":0,"14":0,"15":1},"f":{"0":0,"1":0},"b":{"0":[0,0],"1":[0,0],"2":[0,0]},"_coverageSchema":"1a1c01bbd47fc00a2c39e90264f33305004495a9","hash":"53f95d420ea921f4fac17fbe732e88edb68d743b"}
,"D:\\OpenSource\\Fediverse\\Fediverse\\backend\\routes\\activityPubRoutes.js": {"path":"D:\\OpenSource\\Fediverse\\Fediverse\\backend\\routes\\activityPubRoutes.js","statementMap":{"0":{"start":{"line":2,"column":16},"end":{"line":2,"column":34}},"1":{"start":{"line":3,"column":15},"end":{"line":3,"column":31}},"2":{"start":{"line":12,"column":4},"end":{"line":12,"column":51}},"3":{"start":{"line":14,"column":24},"end":{"line":14,"column":63}},"4":{"start":{"line":17,"column":0},"end":{"line":17,"column":36}},"5":{"start":{"line":20,"column":0},"end":{"line":20,"column":32}},"6":{"start":{"line":21,"column":0},"end":{"line":21,"column":39}},"7":{"start":{"line":22,"column":0},"end":{"line":22,"column":41}},"8":{"start":{"line":23,"column":0},"end":{"line":23,"column":49}},"9":{"start":{"line":24,"column":0},"end":{"line":24,"column":49}},"10":{"start":{"line":25,"column":0},"end":{"line":25,"column":38}},"11":{"start":{"line":27,"column":0},"end":{"line":27,"column":47}},"12":{"start":{"line":29,"column":0},"end":{"line":29,"column":24}}},"fnMap":{},"branchMap":{},"s":{"0":1,"1":1,"2":1,"3":1,"4":1,"5":1,"6":1,"7":1,"8":1,"9":1,"10":1,"11":1,"12":1},"f":{},"b":{},"_coverageSchema":"1a1c01bbd47fc00a2c39e90264f33305004495a9","hash":"48ff19c792515992d5a7e497987c0574b0c6ef2e"}
,"D:\\OpenSource\\Fediverse\\Fediverse\\backend\\routes\\authRoutes.js": {"path":"D:\\OpenSource\\Fediverse\\Fediverse\\backend\\routes\\authRoutes.js","statementMap":{"0":{"start":{"line":1,"column":16},"end":{"line":1,"column":34}},"1":{"start":{"line":2,"column":15},"end":{"line":2,"column":31}},"2":{"start":{"line":3,"column":23},"end":{"line":3,"column":63}},"3":{"start":{"line":4,"column":24},"end":{"line":4,"column":63}},"4":{"start":{"line":5,"column":13},"end":{"line":5,"column":38}},"5":{"start":{"line":7,"column":0},"end":{"line":7,"column":50}},"6":{"start":{"line":8,"column":0},"end":{"line":8,"column":44}},"7":{"start":{"line":11,"column":0},"end":{"line":19,"column":3}},"8":{"start":{"line":12,"column":2},"end":{"line":18,"column":3}},"9":{"start":{"line":13,"column":17},"end":{"line":13,"column":68}},"10":{"start":{"line":14,"column":4},"end":{"line":14,"column":72}},"11":{"start":{"line":14,"column":15},"end":{"line":14,"column":72}},"12":{"start":{"line":15,"column":4},"end":{"line":15,"column":42}},"13":{"start":{"line":17,"column":4},"end":{"line":17,"column":60}},"14":{"start":{"line":22,"column":0},"end":{"line":22,"column":72}},"15":{"start":{"line":24,"column":0},"end":{"line":24,"column":24}}},"fnMap":{"0":{"name":"(anonymous_0)","decl":{"start":{"line":11,"column":31},"end":{"line":11,"column":32}},"loc":{"start":{"line":11,"column":51},"end":{"line":19,"column":1}},"line":11}},"branchMap":{"0":{"loc":{"start":{"line":14,"column":4},"end":{"line":14,"column":72}},"type":"if","locations":[{"start":{"line":14,"column":4},"end":{"line":14,"column":72}},{"start":{},"end":{}}],"line":14}},"s":{"0":1,"1":1,"2":1,"3":1,"4":1,"5":1,"6":1,"7":1,"8":0,"9":0,"10":0,"11":0,"12":0,"13":0,"14":1,"15":1},"f":{"0":0},"b":{"0":[0,0]},"_coverageSchema":"1a1c01bbd47fc00a2c39e90264f33305004495a9","hash":"bd4c17868f15abf97e19641d5a18da6bf24aef71"}
,"D:\\OpenSource\\Fediverse\\Fediverse\\backend\\routes\\comments.js": {"path":"D:\\OpenSource\\Fediverse\\Fediverse\\backend\\routes\\comments.js","statementMap":{"0":{"start":{"line":1,"column":16},"end":{"line":1,"column":34}},"1":{"start":{"line":2,"column":15},"end":{"line":2,"column":31}},"2":{"start":{"line":3,"column":26},"end":{"line":3,"column":69}},"3":{"start":{"line":4,"column":23},"end":{"line":4,"column":60}},"4":{"start":{"line":9,"column":0},"end":{"line":9,"column":61}},"5":{"start":{"line":10,"column":0},"end":{"line":10,"column":77}},"6":{"start":{"line":11,"column":0},"end":{"line":11,"column":85}},"7":{"start":{"line":13,"column":0},"end":{"line":13,"column":81}},"8":{"start":{"line":14,"column":0},"end":{"line":14,"column":68}},"9":{"start":{"line":16,"column":0},"end":{"line":16,"column":24}}},"fnMap":{},"branchMap":{},"s":{"0":1,"1":1,"2":1,"3":1,"4":1,"5":1,"6":1,"7":1,"8":1,"9":1},"f":{},"b":{},"_coverageSchema":"1a1c01bbd47fc00a2c39e90264f33305004495a9","hash":"d9fbf1b23d461a6fc6a77644276f7989c6dc449d"}
,"D:\\OpenSource\\Fediverse\\Fediverse\\backend\\routes\\feedRoutes.js": {"path":"D:\\OpenSource\\Fediverse\\Fediverse\\backend\\routes\\feedRoutes.js","statementMap":{"0":{"start":{"line":1,"column":16},"end":{"line":1,"column":34}},"1":{"start":{"line":2,"column":15},"end":{"line":2,"column":31}},"2":{"start":{"line":3,"column":20},"end":{"line":3,"column":60}},"3":{"start":{"line":4,"column":24},"end":{"line":4,"column":63}},"4":{"start":{"line":5,"column":0},"end":{"line":5,"column":51}},"5":{"start":{"line":7,"column":0},"end":{"line":7,"column":24}}},"fnMap":{},"branchMap":{},"s":{"0":1,"1":1,"2":1,"3":1,"4":1,"5":1},"f":{},"b":{},"_coverageSchema":"1a1c01bbd47fc00a2c39e90264f33305004495a9","hash":"4fbfa11bac0cb988eff30e6d95b1cd8b88c89782"}
,"D:\\OpenSource\\Fediverse\\Fediverse\\backend\\routes\\followRoutes.js": {"path":"D:\\OpenSource\\Fediverse\\Fediverse\\backend\\routes\\followRoutes.js","statementMap":{"0":{"start":{"line":1,"column":16},"end":{"line":1,"column":34}},"1":{"start":{"line":2,"column":15},"end":{"line":2,"column":31}},"2":{"start":{"line":3,"column":23},"end":{"line":3,"column":65}},"3":{"start":{"line":5,"column":0},"end":{"line":5,"column":51}},"4":{"start":{"line":6,"column":0},"end":{"line":6,"column":52}},"5":{"start":{"line":7,"column":0},"end":{"line":7,"column":24}}},"fnMap":{},"branchMap":{},"s":{"0":1,"1":1,"2":1,"3":1,"4":1,"5":1},"f":{},"b":{},"_coverageSchema":"1a1c01bbd47fc00a2c39e90264f33305004495a9","hash":"337a9948dc7e6b235e0e88b08ff5e27cf4d6a6da"}
,"D:\\OpenSource\\Fediverse\\Fediverse\\backend\\routes\\postRoutes.js": {"path":"D:\\OpenSource\\Fediverse\\Fediverse\\backend\\routes\\postRoutes.js","statementMap":{"0":{"start":{"line":2,"column":16},"end":{"line":2,"column":34}},"1":{"start":{"line":3,"column":15},"end":{"line":3,"column":31}},"2":{"start":{"line":4,"column":23},"end":{"line":4,"column":63}},"3":{"start":{"line":5,"column":24},"end":{"line":5,"column":63}},"4":{"start":{"line":6,"column":15},"end":{"line":6,"column":32}},"5":{"start":{"line":7,"column":20},"end":{"line":7,"column":50}},"6":{"start":{"line":8,"column":15},"end":{"line":8,"column":34}},"7":{"start":{"line":10,"column":0},"end":{"line":10,"column":83}},"8":{"start":{"line":11,"column":0},"end":{"line":11,"column":57}},"9":{"start":{"line":16,"column":0},"end":{"line":16,"column":67}},"10":{"start":{"line":18,"column":0},"end":{"line":18,"column":71}},"11":{"start":{"line":22,"column":0},"end":{"line":22,"column":24}}},"fnMap":{},"branchMap":{},"s":{"0":1,"1":1,"2":1,"3":1,"4":1,"5":1,"6":1,"7":1,"8":1,"9":1,"10":1,"11":1},"f":{},"b":{},"_coverageSchema":"1a1c01bbd47fc00a2c39e90264f33305004495a9","hash":"c25c2742075bbb6a374515ae3a48417e550e033b"}
,"D:\\OpenSource\\Fediverse\\Fediverse\\backend\\routes\\replyRoutes.js": {"path":"D:\\OpenSource\\Fediverse\\Fediverse\\backend\\routes\\replyRoutes.js","statementMap":{"0":{"start":{"line":1,"column":16},"end":{"line":1,"column":34}},"1":{"start":{"line":2,"column":15},"end":{"line":2,"column":31}},"2":{"start":{"line":3,"column":24},"end":{"line":3,"column":65}},"3":{"start":{"line":4,"column":24},"end":{"line":4,"column":63}},"4":{"start":{"line":6,"column":0},"end":{"line":6,"column":72}},"5":{"start":{"line":7,"column":0},"end":{"line":7,"column":66}},"6":{"start":{"line":9,"column":0},"end":{"line":9,"column":24}}},"fnMap":{},"branchMap":{},"s":{"0":1,"1":1,"2":1,"3":1,"4":1,"5":1,"6":1},"f":{},"b":{},"_coverageSchema":"1a1c01bbd47fc00a2c39e90264f33305004495a9","hash":"dd3386a93521144843dcacbb2773c10e07153e36"}
,"D:\\OpenSource\\Fediverse\\Fediverse\\backend\\routes\\userRoutes.js": {"path":"D:\\OpenSource\\Fediverse\\Fediverse\\backend\\routes\\userRoutes.js","statementMap":{"0":{"start":{"line":1,"column":16},"end":{"line":1,"column":34}},"1":{"start":{"line":2,"column":15},"end":{"line":2,"column":31}},"2":{"start":{"line":9,"column":4},"end":{"line":9,"column":44}},"3":{"start":{"line":11,"column":24},"end":{"line":11,"column":63}},"4":{"start":{"line":12,"column":13},"end":{"line":12,"column":38}},"5":{"start":{"line":14,"column":0},"end":{"line":14,"column":29}},"6":{"start":{"line":15,"column":0},"end":{"line":15,"column":32}},"7":{"start":{"line":16,"column":0},"end":{"line":16,"column":58}},"8":{"start":{"line":17,"column":0},"end":{"line":17,"column":62}},"9":{"start":{"line":18,"column":0},"end":{"line":18,"column":45}},"10":{"start":{"line":24,"column":0},"end":{"line":48,"column":3}},"11":{"start":{"line":25,"column":2},"end":{"line":47,"column":3}},"12":{"start":{"line":26,"column":17},"end":{"line":26,"column":70}},"13":{"start":{"line":27,"column":4},"end":{"line":27,"column":72}},"14":{"start":{"line":27,"column":15},"end":{"line":27,"column":72}},"15":{"start":{"line":29,"column":25},"end":{"line":29,"column":81}},"16":{"start":{"line":31,"column":4},"end":{"line":31,"column":57}},"17":{"start":{"line":32,"column":4},"end":{"line":43,"column":7}},"18":{"start":{"line":45,"column":4},"end":{"line":45,"column":52}},"19":{"start":{"line":46,"column":4},"end":{"line":46,"column":52}},"20":{"start":{"line":52,"column":0},"end":{"line":76,"column":3}},"21":{"start":{"line":53,"column":2},"end":{"line":75,"column":3}},"22":{"start":{"line":54,"column":17},"end":{"line":54,"column":70}},"23":{"start":{"line":55,"column":4},"end":{"line":55,"column":72}},"24":{"start":{"line":55,"column":15},"end":{"line":55,"column":72}},"25":{"start":{"line":57,"column":25},"end":{"line":57,"column":81}},"26":{"start":{"line":59,"column":4},"end":{"line":59,"column":57}},"27":{"start":{"line":60,"column":4},"end":{"line":71,"column":7}},"28":{"start":{"line":73,"column":4},"end":{"line":73,"column":52}},"29":{"start":{"line":74,"column":4},"end":{"line":74,"column":52}},"30":{"start":{"line":80,"column":0},"end":{"line":100,"column":3}},"31":{"start":{"line":81,"column":2},"end":{"line":99,"column":3}},"32":{"start":{"line":82,"column":17},"end":{"line":82,"column":70}},"33":{"start":{"line":83,"column":21},"end":{"line":83,"column":82}},"34":{"start":{"line":85,"column":4},"end":{"line":85,"column":85}},"35":{"start":{"line":85,"column":28},"end":{"line":85,"column":85}},"36":{"start":{"line":88,"column":4},"end":{"line":88,"column":106}},"37":{"start":{"line":88,"column":48},"end":{"line":88,"column":104}},"38":{"start":{"line":89,"column":4},"end":{"line":89,"column":22}},"39":{"start":{"line":92,"column":4},"end":{"line":92,"column":110}},"40":{"start":{"line":92,"column":56},"end":{"line":92,"column":108}},"41":{"start":{"line":93,"column":4},"end":{"line":93,"column":26}},"42":{"start":{"line":95,"column":4},"end":{"line":95,"column":58}},"43":{"start":{"line":97,"column":4},"end":{"line":97,"column":51}},"44":{"start":{"line":98,"column":4},"end":{"line":98,"column":52}},"45":{"start":{"line":105,"column":0},"end":{"line":125,"column":3}},"46":{"start":{"line":106,"column":2},"end":{"line":124,"column":3}},"47":{"start":{"line":107,"column":17},"end":{"line":107,"column":70}},"48":{"start":{"line":108,"column":19},"end":{"line":108,"column":81}},"49":{"start":{"line":110,"column":4},"end":{"line":110,"column":83}},"50":{"start":{"line":110,"column":26},"end":{"line":110,"column":83}},"51":{"start":{"line":113,"column":4},"end":{"line":113,"column":104}},"52":{"start":{"line":113,"column":48},"end":{"line":113,"column":102}},"53":{"start":{"line":114,"column":4},"end":{"line":114,"column":22}},"54":{"start":{"line":117,"column":4},"end":{"line":117,"column":106}},"55":{"start":{"line":117,"column":52},"end":{"line":117,"column":104}},"56":{"start":{"line":118,"column":4},"end":{"line":118,"column":24}},"57":{"start":{"line":120,"column":4},"end":{"line":120,"column":57}},"58":{"start":{"line":122,"column":4},"end":{"line":122,"column":45}},"59":{"start":{"line":123,"column":4},"end":{"line":123,"column":52}},"60":{"start":{"line":133,"column":0},"end":{"line":133,"column":24}}},"fnMap":{"0":{"name":"(anonymous_0)","decl":{"start":{"line":24,"column":35},"end":{"line":24,"column":36}},"loc":{"start":{"line":24,"column":55},"end":{"line":48,"column":1}},"line":24},"1":{"name":"(anonymous_1)","decl":{"start":{"line":52,"column":35},"end":{"line":52,"column":36}},"loc":{"start":{"line":52,"column":55},"end":{"line":76,"column":1}},"line":52},"2":{"name":"(anonymous_2)","decl":{"start":{"line":80,"column":56},"end":{"line":80,"column":57}},"loc":{"start":{"line":80,"column":76},"end":{"line":100,"column":1}},"line":80},"3":{"name":"(anonymous_3)","decl":{"start":{"line":88,"column":43},"end":{"line":88,"column":44}},"loc":{"start":{"line":88,"column":48},"end":{"line":88,"column":104}},"line":88},"4":{"name":"(anonymous_4)","decl":{"start":{"line":92,"column":51},"end":{"line":92,"column":52}},"loc":{"start":{"line":92,"column":56},"end":{"line":92,"column":108}},"line":92},"5":{"name":"(anonymous_5)","decl":{"start":{"line":105,"column":57},"end":{"line":105,"column":58}},"loc":{"start":{"line":105,"column":77},"end":{"line":125,"column":1}},"line":105},"6":{"name":"(anonymous_6)","decl":{"start":{"line":113,"column":43},"end":{"line":113,"column":44}},"loc":{"start":{"line":113,"column":48},"end":{"line":113,"column":102}},"line":113},"7":{"name":"(anonymous_7)","decl":{"start":{"line":117,"column":47},"end":{"line":117,"column":48}},"loc":{"start":{"line":117,"column":52},"end":{"line":117,"column":104}},"line":117}},"branchMap":{"0":{"loc":{"start":{"line":27,"column":4},"end":{"line":27,"column":72}},"type":"if","locations":[{"start":{"line":27,"column":4},"end":{"line":27,"column":72}},{"start":{},"end":{}}],"line":27},"1":{"loc":{"start":{"line":55,"column":4},"end":{"line":55,"column":72}},"type":"if","locations":[{"start":{"line":55,"column":4},"end":{"line":55,"column":72}},{"start":{},"end":{}}],"line":55},"2":{"loc":{"start":{"line":85,"column":4},"end":{"line":85,"column":85}},"type":"if","locations":[{"start":{"line":85,"column":4},"end":{"line":85,"column":85}},{"start":{},"end":{}}],"line":85},"3":{"loc":{"start":{"line":85,"column":8},"end":{"line":85,"column":26}},"type":"binary-expr","locations":[{"start":{"line":85,"column":8},"end":{"line":85,"column":13}},{"start":{"line":85,"column":17},"end":{"line":85,"column":26}}],"line":85},"4":{"loc":{"start":{"line":110,"column":4},"end":{"line":110,"column":83}},"type":"if","locations":[{"start":{"line":110,"column":4},"end":{"line":110,"column":83}},{"start":{},"end":{}}],"line":110},"5":{"loc":{"start":{"line":110,"column":8},"end":{"line":110,"column":24}},"type":"binary-expr","locations":[{"start":{"line":110,"column":8},"end":{"line":110,"column":13}},{"start":{"line":110,"column":17},"end":{"line":110,"column":24}}],"line":110}},"s":{"0":1,"1":1,"2":1,"3":1,"4":1,"5":1,"6":1,"7":1,"8":1,"9":1,"10":1,"11":0,"12":0,"13":0,"14":0,"15":0,"16":0,"17":0,"18":0,"19":0,"20":1,"21":0,"22":0,"23":0,"24":0,"25":0,"26":0,"27":0,"28":0,"29":0,"30":1,"31":0,"32":0,"33":0,"34":0,"35":0,"36":0,"37":0,"38":0,"39":0,"40":0,"41":0,"42":0,"43":0,"44":0,"45":1,"46":0,"47":0,"48":0,"49":0,"50":0,"51":0,"52":0,"53":0,"54":0,"55":0,"56":0,"57":0,"58":0,"59":0,"60":1},"f":{"0":0,"1":0,"2":0,"3":0,"4":0,"5":0,"6":0,"7":0},"b":{"0":[0,0],"1":[0,0],"2":[0,0],"3":[0,0],"4":[0,0],"5":[0,0]},"_coverageSchema":"1a1c01bbd47fc00a2c39e90264f33305004495a9","hash":"898171e9b103ed077b30ce0da6424ff5a2d3d2dc"}
,"D:\\OpenSource\\Fediverse\\Fediverse\\backend\\utils\\cloudinary.js": {"path":"D:\\OpenSource\\Fediverse\\Fediverse\\backend\\utils\\cloudinary.js","statementMap":{"0":{"start":{"line":1,"column":19},"end":{"line":1,"column":43}},"1":{"start":{"line":2,"column":30},"end":{"line":2,"column":66}},"2":{"start":{"line":5,"column":0},"end":{"line":9,"column":3}},"3":{"start":{"line":11,"column":16},"end":{"line":17,"column":2}},"4":{"start":{"line":19,"column":0},"end":{"line":22,"column":2}}},"fnMap":{},"branchMap":{},"s":{"0":1,"1":1,"2":1,"3":1,"4":1},"f":{},"b":{},"_coverageSchema":"1a1c01bbd47fc00a2c39e90264f33305004495a9","hash":"ff1f21153fc294f8abf0d80b2c3fe09f029fe4a6"}
,"D:\\OpenSource\\Fediverse\\Fediverse\\backend\\utils\\fetchInboxUrl.js": {"path":"D:\\OpenSource\\Fediverse\\Fediverse\\backend\\utils\\fetchInboxUrl.js","statementMap":{"0":{"start":{"line":2,"column":14},"end":{"line":2,"column":30}},"1":{"start":{"line":5,"column":2},"end":{"line":21,"column":3}},"2":{"start":{"line":6,"column":16},"end":{"line":10,"column":6}},"3":{"start":{"line":12,"column":4},"end":{"line":17,"column":5}},"4":{"start":{"line":13,"column":6},"end":{"line":13,"column":28}},"5":{"start":{"line":15,"column":6},"end":{"line":15,"column":69}},"6":{"start":{"line":16,"column":6},"end":{"line":16,"column":18}},"7":{"start":{"line":19,"column":4},"end":{"line":19,"column":79}},"8":{"start":{"line":20,"column":4},"end":{"line":20,"column":16}},"9":{"start":{"line":24,"column":0},"end":{"line":24,"column":31}}},"fnMap":{"0":{"name":"fetchInboxUrl","decl":{"start":{"line":4,"column":15},"end":{"line":4,"column":28}},"loc":{"start":{"line":4,"column":39},"end":{"line":22,"column":1}},"line":4}},"branchMap":{"0":{"loc":{"start":{"line":12,"column":4},"end":{"line":17,"column":5}},"type":"if","locations":[{"start":{"line":12,"column":4},"end":{"line":17,"column":5}},{"start":{"line":14,"column":11},"end":{"line":17,"column":5}}],"line":12},"1":{"loc":{"start":{"line":12,"column":8},"end":{"line":12,"column":44}},"type":"binary-expr","locations":[{"start":{"line":12,"column":8},"end":{"line":12,"column":26}},{"start":{"line":12,"column":30},"end":{"line":12,"column":44}}],"line":12}},"s":{"0":1,"1":0,"2":0,"3":0,"4":0,"5":0,"6":0,"7":0,"8":0,"9":1},"f":{"0":0},"b":{"0":[0,0],"1":[0,0]},"_coverageSchema":"1a1c01bbd47fc00a2c39e90264f33305004495a9","hash":"b5a211bff31b79bf27e5264508278c4edeab881c"}
,"D:\\OpenSource\\Fediverse\\Fediverse\\backend\\utils\\httpSignature.js": {"path":"D:\\OpenSource\\Fediverse\\Fediverse\\backend\\utils\\httpSignature.js","statementMap":{"0":{"start":{"line":3,"column":15},"end":{"line":3,"column":32}},"1":{"start":{"line":4,"column":12},"end":{"line":4,"column":26}},"2":{"start":{"line":5,"column":11},"end":{"line":5,"column":24}},"3":{"start":{"line":6,"column":13},"end":{"line":6,"column":28}},"4":{"start":{"line":8,"column":19},"end":{"line":8,"column":82}},"5":{"start":{"line":11,"column":17},"end":{"line":11,"column":36}},"6":{"start":{"line":12,"column":15},"end":{"line":12,"column":39}},"7":{"start":{"line":14,"column":17},"end":{"line":17,"column":21}},"8":{"start":{"line":19,"column":23},"end":{"line":24,"column":14}},"9":{"start":{"line":26,"column":20},"end":{"line":29,"column":31}},"10":{"start":{"line":31,"column":17},"end":{"line":36,"column":14}},"11":{"start":{"line":38,"column":2},"end":{"line":45,"column":4}},"12":{"start":{"line":48,"column":0},"end":{"line":48,"column":29}}},"fnMap":{"0":{"name":"signRequest","decl":{"start":{"line":10,"column":9},"end":{"line":10,"column":20}},"loc":{"start":{"line":10,"column":48},"end":{"line":46,"column":1}},"line":10}},"branchMap":{},"s":{"0":1,"1":1,"2":1,"3":1,"4":1,"5":0,"6":0,"7":0,"8":0,"9":0,"10":0,"11":0,"12":1},"f":{"0":0},"b":{},"_coverageSchema":"1a1c01bbd47fc00a2c39e90264f33305004495a9","hash":"98231d857fc26f863bb7913c5d0398e9ddab3956"}
,"D:\\OpenSource\\Fediverse\\Fediverse\\backend\\utils\\sendSignedRequest.js": {"path":"D:\\OpenSource\\Fediverse\\Fediverse\\backend\\utils\\sendSignedRequest.js","statementMap":{"0":{"start":{"line":3,"column":15},"end":{"line":3,"column":32}},"1":{"start":{"line":4,"column":14},"end":{"line":4,"column":30}},"2":{"start":{"line":5,"column":11},"end":{"line":5,"column":24}},"3":{"start":{"line":6,"column":13},"end":{"line":6,"column":28}},"4":{"start":{"line":8,"column":26},"end":{"line":49,"column":1}},"5":{"start":{"line":9,"column":2},"end":{"line":48,"column":3}},"6":{"start":{"line":10,"column":21},"end":{"line":10,"column":67}},"7":{"start":{"line":12,"column":27},"end":{"line":12,"column":65}},"8":{"start":{"line":13,"column":23},"end":{"line":13,"column":62}},"9":{"start":{"line":15,"column":17},"end":{"line":15,"column":41}},"10":{"start":{"line":16,"column":19},"end":{"line":19,"column":23}},"11":{"start":{"line":21,"column":29},"end":{"line":24,"column":26}},"12":{"start":{"line":26,"column":19},"end":{"line":26,"column":50}},"13":{"start":{"line":27,"column":4},"end":{"line":27,"column":36}},"14":{"start":{"line":28,"column":4},"end":{"line":28,"column":17}},"15":{"start":{"line":30,"column":22},"end":{"line":30,"column":64}},"16":{"start":{"line":32,"column":28},"end":{"line":32,"column":150}},"17":{"start":{"line":34,"column":20},"end":{"line":40,"column":5}},"18":{"start":{"line":43,"column":4},"end":{"line":43,"column":54}},"19":{"start":{"line":44,"column":4},"end":{"line":44,"column":60}},"20":{"start":{"line":46,"column":4},"end":{"line":46,"column":67}},"21":{"start":{"line":47,"column":4},"end":{"line":47,"column":14}},"22":{"start":{"line":51,"column":0},"end":{"line":51,"column":39}}},"fnMap":{"0":{"name":"(anonymous_0)","decl":{"start":{"line":8,"column":26},"end":{"line":8,"column":27}},"loc":{"start":{"line":8,"column":71},"end":{"line":49,"column":1}},"line":8}},"branchMap":{},"s":{"0":1,"1":1,"2":1,"3":1,"4":1,"5":0,"6":0,"7":0,"8":0,"9":0,"10":0,"11":0,"12":0,"13":0,"14":0,"15":0,"16":0,"17":0,"18":0,"19":0,"20":0,"21":0,"22":1},"f":{"0":0},"b":{},"_coverageSchema":"1a1c01bbd47fc00a2c39e90264f33305004495a9","hash":"09ce87b2c926b2cd78e89505becc092e242f1186"}
}
